model,ESS,burnin_runtime,sample_runtime,Timer_HessianCalculation,Timer_LaplaceApproximation,Timer_Optimization,Timer_Overall,Timer_Uncollapse_Overall.Overall,sweep_param,sweep_value,total_iter,burnin_iter,percent_zero,lambda_MSE,percent_outside_95CI,random_seed
stan_uncollapsed,945.247328987417,423.95,336.04,0,0,0,0,0,N,3,4000,2000,0.0444444444444444,0.604886135833376,0.275862068965517,1
stan_uncollapsed,630.090668395343,478.72,345.82,0,0,0,0,0,N,3,4000,2000,0.166666666666667,0.890855687677389,0.36551724137931,2
stan_uncollapsed,1111.37759615612,365.95,316.04,0,0,0,0,0,N,3,4000,2000,0.0444444444444444,0.534337200315419,0.227586206896552,3
stan_uncollapsed,979.283815817322,338.4,257.49,0,0,0,0,0,N,5,4000,2000,0.0333333333333333,0.414250791104582,0.206896551724138,1
stan_uncollapsed,729.44719993614,407.36,358.64,0,0,0,0,0,N,5,4000,2000,0.186666666666667,0.693590229661184,0.358620689655172,2
stan_uncollapsed,860.803571258643,344.89,287.21,0,0,0,0,0,N,5,4000,2000,0.0533333333333333,0.464497358392102,0.2,3
stan_uncollapsed,1179.03250352967,366.77,300.9,0,0,0,0,0,N,10,4000,2000,0.0333333333333333,0.137863446539777,0.096551724137931,1
stan_uncollapsed,1512.75598087836,578.02,477.52,0,0,0,0,0,N,10,4000,2000,0.22,0.194083808828946,0.096551724137931,2
stan_uncollapsed,971.252361718077,566.48,391.3,0,0,0,0,0,N,10,4000,2000,0.0433333333333333,0.295784714246277,0.310344827586207,3
stan_uncollapsed,1204.40823750072,372.16,267.15,0,0,0,0,0,N,20,4000,2000,0.07,0.0414117664879163,0.0275862068965517,1
stan_uncollapsed,1069.48642504788,605.1,311.43,0,0,0,0,0,N,20,4000,2000,0.16,0.050193589635737,0.0758620689655172,2
stan_uncollapsed,1098.24384098876,545.29,443.68,0,0,0,0,0,N,20,4000,2000,0.0566666666666667,0.049340273774577,0.0206896551724138,3
stan_uncollapsed,640.71060758841,406.96,189.75,0,0,0,0,0,N,30,4000,2000,0.0644444444444444,0.02687092318377,0.0551724137931034,1
stan_uncollapsed,842.487083676834,423.24,278.23,0,0,0,0,0,N,30,4000,2000,0.14,0.0279416136340452,0.0551724137931034,2
stan_uncollapsed,912.353499829624,614.21,352.81,0,0,0,0,0,N,30,4000,2000,0.0577777777777778,0.0291552360720694,0.0275862068965517,3
stan_uncollapsed,335.741161637805,352.74,256.79,0,0,0,0,0,N,50,4000,2000,0.0886666666666667,0.0172462779124988,0.0689655172413793,1
stan_uncollapsed,645.649970162285,681.09,369.29,0,0,0,0,0,N,50,4000,2000,0.144,0.014886854827652,0.0620689655172414,2
stan_uncollapsed,495.938191381038,660.76,490.4,0,0,0,0,0,N,50,4000,2000,0.120666666666667,0.0177622407121897,0.0551724137931034,3
stan_uncollapsed,219.851387141645,555.9,209.63,0,0,0,0,0,N,100,4000,2000,0.114,0.00738890991369049,0.0896551724137931,1
stan_uncollapsed,313.067670134002,417.31,181.84,0,0,0,0,0,N,100,4000,2000,0.112333333333333,0.005772883034414,0.0482758620689655,2
stan_uncollapsed,204.133789995687,840.34,534.28,0,0,0,0,0,N,100,4000,2000,0.143333333333333,0.00864476238527534,0.103448275862069,3
stan_uncollapsed,213.616413579673,1136.69,485.02,0,0,0,0,0,N,250,4000,2000,0.107333333333333,0.00212032268967239,0.0896551724137931,1
stan_uncollapsed,257.178404482813,923.33,590.1,0,0,0,0,0,N,250,4000,2000,0.0652,0.00172597854066098,0.0551724137931034,2
stan_uncollapsed,205.987111812804,2386.16,853.75,0,0,0,0,0,N,250,4000,2000,0.122266666666667,0.00263438784390792,0.0413793103448276,3
stan_uncollapsed,153.835928273945,2763.68,1017.54,0,0,0,0,0,N,500,4000,2000,0.157,0.00117328306222616,0.0482758620689655,1
stan_uncollapsed,181.29966320544,2730.44,2031.19,0,0,0,0,0,N,500,4000,2000,0.159866666666667,0.00205427047731637,0.124137931034483,2
stan_uncollapsed,96.4686664973349,3753.48,1533.25,0,0,0,0,0,N,500,4000,2000,0.124066666666667,0.0011507421932654,0.0413793103448276,3
stan_uncollapsed,100.207694287887,5045.5,3666.89,0,0,0,0,0,N,750,4000,2000,0.149511111111111,0.000881364030104606,0.0551724137931034,1
stan_uncollapsed,140.991495417255,4728.83,1960.22,0,0,0,0,0,N,750,4000,2000,0.0973333333333333,0.000561350270526768,0.00689655172413793,2
stan_uncollapsed,314.76431183278,4999.72,2619.22,0,0,0,0,0,N,750,4000,2000,0.0747555555555556,0.000545896250519892,0.0413793103448276,3
stan_uncollapsed,99.5611393116051,7920.37,4447.33,0,0,0,0,0,N,1000,4000,2000,0.117166666666667,0.000484633689890116,0.0206896551724138,1
stan_uncollapsed,161.101521570926,8399.26,3346.86,0,0,0,0,0,N,1000,4000,2000,0.1126,0.00057767043394115,0.0413793103448276,2
stan_uncollapsed,161.995644232878,7205.4,2978.23,0,0,0,0,0,N,1000,4000,2000,0.1003,0.000587865760923465,0.0689655172413793,3
stan_collapsed,1851.25552185034,1.3,1.1,0,0,0,0,0,N,3,4000,2000,0.0444444444444444,0.613636468770706,0.317241379310345,1
stan_collapsed,1882.64359808815,2.25,1.98,0,0,0,0,0,N,3,4000,2000,0.166666666666667,0.894201420979566,0.427586206896552,2
stan_collapsed,1922.22142594825,1.15,0.98,0,0,0,0,0,N,3,4000,2000,0.0444444444444444,0.523115621040472,0.241379310344828,3
stan_collapsed,1909.30196418645,1.8,1.19,0,0,0,0,0,N,5,4000,2000,0.0333333333333333,0.424396307335155,0.255172413793103,1
stan_collapsed,1874.65990853817,3.34,2.51,0,0,0,0,0,N,5,4000,2000,0.186666666666667,0.694032796790945,0.393103448275862,2
stan_collapsed,1920.97330784431,1.94,1.49,0,0,0,0,0,N,5,4000,2000,0.0533333333333333,0.475422656203095,0.23448275862069,3
stan_collapsed,1423.58715725975,5,5.64,0,0,0,0,0,N,10,4000,2000,0.0333333333333333,0.14306333465852,0.137931034482759,1
stan_collapsed,1566.2203620318,10.57,9.56,0,0,0,0,0,N,10,4000,2000,0.22,0.204663766382472,0.193103448275862,2
stan_collapsed,1778.33723750029,5.65,5.24,0,0,0,0,0,N,10,4000,2000,0.0433333333333333,0.299939135012929,0.310344827586207,3
stan_collapsed,1173.75024207088,15.36,11.89,0,0,0,0,0,N,20,4000,2000,0.07,0.0403403289295243,0.0275862068965517,1
stan_collapsed,887.223876475327,20.6,19.53,0,0,0,0,0,N,20,4000,2000,0.16,0.0514419229366137,0.124137931034483,2
stan_collapsed,1255.56368207389,14.8,13.69,0,0,0,0,0,N,20,4000,2000,0.0566666666666667,0.0502182583364225,0.0482758620689655,3
stan_collapsed,1018.16548983878,21.99,14.97,0,0,0,0,0,N,30,4000,2000,0.0644444444444444,0.0269951138746561,0.0620689655172414,1
stan_collapsed,850.817609901969,60.55,51.78,0,0,0,0,0,N,30,4000,2000,0.14,0.0278236048323289,0.0689655172413793,2
stan_collapsed,882.597199877499,29.44,19.15,0,0,0,0,0,N,30,4000,2000,0.0577777777777778,0.029808681407663,0.0482758620689655,3
stan_collapsed,298.264571363334,63.06,48.24,0,0,0,0,0,N,50,4000,2000,0.0886666666666667,0.0170831930823651,0.0896551724137931,1
stan_collapsed,601.728637841956,78.41,83.02,0,0,0,0,0,N,50,4000,2000,0.144,0.0155559195376628,0.103448275862069,2
stan_collapsed,568.666096807674,89.16,74.43,0,0,0,0,0,N,50,4000,2000,0.120666666666667,0.0169777442453104,0.0689655172413793,3
stan_collapsed,497.242536842705,247.83,264.51,0,0,0,0,0,N,100,4000,2000,0.114,0.00772978768874184,0.117241379310345,1
stan_collapsed,554.457553905238,258.03,264.01,0,0,0,0,0,N,100,4000,2000,0.112333333333333,0.0056608532083275,0.0689655172413793,2
stan_collapsed,291.289343011191,292.35,257.38,0,0,0,0,0,N,100,4000,2000,0.143333333333333,0.00854530071127084,0.124137931034483,3
stan_collapsed,362.651828489181,2532.41,2162.07,0,0,0,0,0,N,250,4000,2000,0.107333333333333,0.00207102827694555,0.0758620689655172,1
stan_collapsed,400.569276842148,2281.8,2366.74,0,0,0,0,0,N,250,4000,2000,0.0652,0.00170521975149466,0.0620689655172414,2
stan_collapsed,438.540204447957,2817.53,2182.81,0,0,0,0,0,N,250,4000,2000,0.122266666666667,0.00253236602453897,0.0620689655172414,3
stan_collapsed,209.255337407168,20122.1,13891.4,0,0,0,0,0,N,500,4000,2000,0.157,0.00116490365475986,0.0482758620689655,1
stan_collapsed,123.653130860649,22561.3,18427,0,0,0,0,0,N,500,4000,2000,0.159866666666667,0.00200822842349364,0.131034482758621,2
stan_collapsed,179.133992860172,22833.7,16725,0,0,0,0,0,N,500,4000,2000,0.124066666666667,0.00113099538026305,0.0413793103448276,3
stan_collapsed,108.629035074803,72522.3,47875.1,0,0,0,0,0,N,750,4000,2000,0.149511111111111,0.000860349214123102,0.0758620689655172,1
stan_collapsed,212.655234968861,62253,45531.8,0,0,0,0,0,N,750,4000,2000,0.0973333333333333,0.000525765697649642,0.00689655172413793,2
stan_collapsed,395.844747591333,63721.4,50569,0,0,0,0,0,N,750,4000,2000,0.0747555555555556,0.000550902849633164,0.0551724137931034,3
mongrel_eigen,4000,0,1.53920221328735,0.000283197,0.097359858,0.015049584,1.212895443,0.836535497,N,3,4000,0,0.0444444444444444,0.614059478250177,0.351724137931034,1
mongrel_eigen,4000,0,1.67111015319824,0.000247533,0.109847998,0.014991261,1.30502965,0.863736326,N,3,4000,0,0.166666666666667,0.890329096361421,0.420689655172414,2
mongrel_eigen,4000,0,1.09614157676697,0.000215596,0.06602624,0.016761112,0.863994577,0.604008454,N,3,4000,0,0.0444444444444444,0.52247488900754,0.268965517241379,3
mongrel_eigen,4000,0,1.07986783981323,0.000379862,0.246767597,0.023297453,0.873230792,0.601030991,N,5,4000,0,0.0333333333333333,0.426907767088149,0.255172413793103,1
mongrel_eigen,4000,0,1.22474193572998,0.000498888,0.275314477,0.036383758,1.013330199,0.698973741,N,5,4000,0,0.186666666666667,0.700657541601318,0.4,2
mongrel_eigen,4000,0,1.11668372154236,0.000486546,0.24560901,0.023320565,0.932577645,0.661198287,N,5,4000,0,0.0533333333333333,0.480446031839239,0.241379310344828,3
mongrel_eigen,4000,0,1.51189112663269,0.00170404,0.497525676,0.033288828,1.293508604,0.757980982,N,10,4000,0,0.0333333333333333,0.147214626019292,0.179310344827586,1
mongrel_eigen,4000,0,1.48787117004395,0.001753657,0.466344034,0.091682698,1.280624495,0.717744061,N,10,4000,0,0.22,0.214833485261593,0.275862068965517,2
mongrel_eigen,4000,0,1.3473162651062,0.001777988,0.436077891,0.042947065,1.161073221,0.677817057,N,10,4000,0,0.0433333333333333,0.304761538466938,0.331034482758621,3
mongrel_eigen,4000,0,2.25836253166199,0.011713756,0.843824937,0.183076447,1.931703029,0.884552738,N,20,4000,0,0.07,0.0400941531751891,0.0275862068965517,1
mongrel_eigen,4000,0,2.02782654762268,0.015206188,0.87995625,0.207068678,1.691599766,0.581710846,N,20,4000,0,0.16,0.0516982032267761,0.131034482758621,2
mongrel_eigen,4000,0,1.88288187980652,0.007175006,0.824653084,0.161266549,1.561657512,0.560839155,N,20,4000,0,0.0566666666666667,0.0518678033121059,0.0758620689655172,3
mongrel_eigen,4000,0,3.33122849464417,0.015042123,1.754420941,0.409949312,2.954691126,0.594263393,N,30,4000,0,0.0644444444444444,0.027663298824677,0.0689655172413793,1
mongrel_eigen,4000,0,4.95478653907776,0.024517616,2.391459638,0.683458888,4.266036694,0.904768992,N,30,4000,0,0.14,0.0285414270479203,0.124137931034483,2
mongrel_eigen,4000,0,3.31437754631042,0.015819498,1.908754387,0.195203195,2.916046002,0.605788864,N,30,4000,0,0.0577777777777778,0.0306561948127457,0.0620689655172414,3
mongrel_eigen,4000,0,8.22331881523132,0.058264576,6.142666732,0.704502923,7.897261316,0.72249718,N,50,4000,0,0.0886666666666667,0.0177282920333086,0.131034482758621,1
mongrel_eigen,4000,0,9.76536321640015,0.064603455,7.26669811,1.097421622,9.499896237,0.82618851,N,50,4000,0,0.144,0.0176073309779094,0.158620689655172,2
mongrel_eigen,4000,0,7.99125194549561,0.058970572,6.098711546,0.754743622,7.761506483,0.631193729,N,50,4000,0,0.120666666666667,0.0178232282337936,0.103448275862069,3
mongrel_eigen,4000,0,105.064927816391,0.390199724,101.079211853,1.511401942,104.529155135,1.237014745,N,100,4000,0,0.114,0.00885906466301607,0.172413793103448,1
mongrel_eigen,4000,0,99.175843000412,0.38063437,95.09473669,1.575447724,98.701101533,1.351900353,N,100,4000,0,0.112333333333333,0.00592791909880265,0.0896551724137931,2
mongrel_eigen,4000,0,93.3218367099762,0.324185209,88.934087872,2.36684025,92.996334065,1.077266651,N,100,4000,0,0.143333333333333,0.00992503620578206,0.220689655172414,3
mongrel_eigen,4000,0,857.980978250504,1.962957692,709.815357238,144.783468653,857.699943695,0.812207115,N,250,4000,0,0.107333333333333,0.00224320780864642,0.124137931034483,1
mongrel_eigen,4000,0,816.750504732132,2.049315202,704.839442525,108.444167692,816.458415615,0.77625662,N,250,4000,0,0.0652,0.00192043101665665,0.110344827586207,2
mongrel_eigen,4000,0,922.029170751572,2.936025567,893.95193459,23.259846577,921.631800151,0.971752832,N,250,4000,0,0.122266666666667,0.00267655749407484,0.0758620689655172,3
mongrel_eigen,4000,0,7441.77805638313,13.009822943,7003.531533343,422.292127796,7441.131486371,1.163135555,N,500,4000,0,0.157,0.00137204919471711,0.0896551724137931,1
mongrel_eigen,4000,0,8936.96984887123,17.845148786,7817.143775869,1098.430702095,8936.043285307,1.154818508,N,500,4000,0,0.159866666666667,0.0029333243089771,0.386206896551724,2
mongrel_eigen,4000,0,7266.56495141983,11.832098039,6804.705649533,447.032145445,7265.82452774,1.153559287,N,500,4000,0,0.124066666666667,0.00141746674332592,0.16551724137931,3
mongrel_eigen,4000,0,26786.9291603565,34.248353922,26151.823606245,595.444865537,26785.738483603,2.034771089,N,750,4000,0,0.149511111111111,0.00165882349745272,0.351724137931034,1
mongrel_eigen,4000,0,27017.017159462,52.357366539,25647.923038286,1309.689873048,27015.195213729,2.012271555,N,750,4000,0,0.0973333333333333,0.000919645843400814,0.193103448275862,2
mongrel_eigen,4000,0,23686.5680785179,32.192925291,22702.193158616,947.234869087,23685.433217543,1.93999497,N,750,4000,0,0.0747555555555556,0.000747147811744352,0.186206896551724,3
mongrel_eigen,4000,0,50482.2355294228,38.52072555,48956.49605785,1460.662216032,50479.652425486,21.329773495,N,1000,4000,0,0.117166666666667,0.000921655875497925,0.317241379310345,1
mongrel_eigen,4000,0,59550.4435055256,57.063038835,57569.740091951,1915.876182304,59548.210494271,2.209811366,N,1000,4000,0,0.1126,0.00092383509522341,0.275862068965517,2
mongrel_eigen,4000,0,58632.898216486,57.441979123,57189.89956967,1378.001268373,58631.021564741,2.525345329,N,1000,4000,0,0.1003,0.000832211632426319,0.248275862068966,3
mongrel_cholesky,4000,0,1.10827946662903,0.000258048,0.05598552,0.01186633,0.855439735,0.593578892,N,3,4000,0,0.0444444444444444,0.614121151926091,0.331034482758621,1
mongrel_cholesky,4000,0,1.16850018501282,0.00030545,0.071021227,0.01804935,0.909447722,0.60184239,N,3,4000,0,0.166666666666667,0.889690694677757,0.427586206896552,2
mongrel_cholesky,4000,0,1.15430235862732,0.000306133,0.070569822,0.01989116,0.906176496,0.591587547,N,3,4000,0,0.0444444444444444,0.522721006404853,0.275862068965517,3
mongrel_cholesky,4000,0,1.14165115356445,0.000497058,0.267002056,0.020434195,0.894501818,0.604986643,N,5,4000,0,0.0333333333333333,0.427552072841568,0.255172413793103,1
mongrel_cholesky,4000,0,1.12619161605835,0.000422813,0.260998344,0.024795656,0.88469713,0.596680832,N,5,4000,0,0.186666666666667,0.701280098750335,0.413793103448276,2
mongrel_cholesky,4000,0,1.23687982559204,0.000428695,0.300425877,0.015910994,0.955676121,0.637008118,N,5,4000,0,0.0533333333333333,0.480778092110044,0.241379310344828,3
mongrel_cholesky,4000,0,1.58573532104492,0.002078895,0.521262095,0.028924168,1.340634869,0.784871789,N,10,4000,0,0.0333333333333333,0.147021956719208,0.16551724137931,1
mongrel_cholesky,4000,0,1.64038801193237,0.002126936,0.52180013,0.079898117,1.395619938,0.788326068,N,10,4000,0,0.22,0.214322447817353,0.282758620689655,2
mongrel_cholesky,4000,0,1.60363221168518,0.002038468,0.518485363,0.038042259,1.361223085,0.799426044,N,10,4000,0,0.0433333333333333,0.305258601823455,0.337931034482759,3
mongrel_cholesky,4000,0,1.95944261550903,0.012919924,0.723043099,0.161260118,1.52041151,0.613236727,N,20,4000,0,0.07,0.0400443149298225,0.0275862068965517,1
mongrel_cholesky,4000,0,1.99640464782715,0.008550619,0.734247358,0.17423386,1.544534956,0.618365398,N,20,4000,0,0.16,0.0518634705061259,0.131034482758621,2
mongrel_cholesky,4000,0,1.94792175292969,0.012993945,0.722363341,0.149901095,1.508862037,0.614040236,N,20,4000,0,0.0566666666666667,0.0518689700638859,0.0827586206896552,3
mongrel_cholesky,4000,0,2.71180367469788,0.01735674,0.989761805,0.381469048,2.253480608,0.636967979,N,30,4000,0,0.0644444444444444,0.0276018050905292,0.0689655172413793,1
mongrel_cholesky,4000,0,2.90154910087585,0.016559301,1.053449775,0.388592273,2.380433105,0.661011947,N,30,4000,0,0.14,0.0285674136460183,0.117241379310345,2
mongrel_cholesky,4000,0,2.51392579078674,0.016495081,0.989802692,0.194735589,2.057320688,0.628596755,N,30,4000,0,0.0577777777777778,0.030614657991937,0.0620689655172414,3
mongrel_cholesky,4000,0,3.62842702865601,0.056821689,1.772866899,0.661603741,3.372390041,0.644731586,N,50,4000,0,0.0886666666666667,0.0177315470050297,0.117241379310345,1
mongrel_cholesky,4000,0,3.75960564613342,0.060468113,1.784057591,0.756360694,3.498145754,0.65348995,N,50,4000,0,0.144,0.0174635210903139,0.158620689655172,2
mongrel_cholesky,4000,0,3.58189582824707,0.058091614,1.7684263,0.62040793,3.326310033,0.644168851,N,50,4000,0,0.120666666666667,0.0177332790529855,0.096551724137931,3
mongrel_cholesky,4000,0,8.15362644195557,0.398925242,5.230671828,1.40239406,7.867229909,0.556411579,N,100,4000,0,0.114,0.00890311971490831,0.158620689655172,1
mongrel_cholesky,4000,0,8.53251051902771,0.411101484,5.356600664,1.509072495,8.180574661,0.560702622,N,100,4000,0,0.112333333333333,0.00591556262744938,0.110344827586207,2
mongrel_cholesky,4000,0,8.8478901386261,0.412721471,5.352735646,1.831974934,8.496048584,0.556630717,N,100,4000,0,0.143333333333333,0.0099511526024999,0.206896551724138,3
mongrel_cholesky,4000,0,62.4618363380432,2.970931844,33.060947371,24.761252506,62.116204254,0.837958135,N,250,4000,0,0.107333333333333,0.00223731064670699,0.110344827586207,1
mongrel_cholesky,4000,0,57.545361995697,2.917956808,33.064612916,19.896343887,57.20400799,0.846008356,N,250,4000,0,0.0652,0.00192591033279558,0.103448275862069,2
mongrel_cholesky,4000,0,56.2338654994965,2.927258485,33.049314291,18.575529198,55.892034437,0.859467397,N,250,4000,0,0.122266666666667,0.002682280924972,0.0896551724137931,3
mongrel_cholesky,4000,0,549.355202198029,12.187187197,171.275629024,363.02028972,548.767322805,1.154716552,N,500,4000,0,0.157,0.00137199065707838,0.0896551724137931,1
mongrel_cholesky,4000,0,537.416151046753,11.78494018,169.392833924,353.435843692,536.837972486,1.136427025,N,500,4000,0,0.159866666666667,0.00292679859882965,0.393103448275862,2
mongrel_cholesky,4000,0,599.80682516098,12.18146604,170.811211571,413.846872575,599.179655125,1.173812295,N,500,4000,0,0.124066666666667,0.00140448942853126,0.158620689655172,3
mongrel_cholesky,4000,0,1091.05602765083,36.750393616,481.608547575,567.329393879,1089.9175127,1.913831463,N,750,4000,0,0.149511111111111,0.00164719322152109,0.344827586206897,1
mongrel_cholesky,4000,0,958.726191520691,33.076358812,481.537070265,438.828988729,957.59828044,1.884799283,N,750,4000,0,0.0973333333333333,0.000916280999754098,0.186206896551724,2
mongrel_cholesky,4000,0,991.472621917725,35.385151081,483.564309184,467.116448522,990.317925958,1.942400925,N,750,4000,0,0.0747555555555556,0.000751390375485444,0.213793103448276,3
mongrel_cholesky,4000,0,1785.98954415321,55.142988997,1024.16004917,699.292037663,1784.267179802,2.263340908,N,1000,4000,0,0.117166666666667,0.000919440731274022,0.310344827586207,1
mongrel_cholesky,4000,0,1745.85872149467,57.750757321,1030.230161839,649.952873868,1744.130099887,2.590233872,N,1000,4000,0,0.1126,0.000918681487986585,0.262068965517241,2
mongrel_cholesky,4000,0,1859.34390091896,55.158157952,1077.599582522,718.433333393,1857.554714539,2.951335352,N,1000,4000,0,0.1003,0.000834684911512694,0.248275862068966,3
conjugate_linear_model,2000,0,0.897968053817749,0,0,0,0,0,N,3,2000,0,0.0444444444444444,0.58066557927286,0.282758620689655,1
conjugate_linear_model,2000,0,0.571022033691406,0,0,0,0,0,N,3,2000,0,0.166666666666667,0.897471972901516,0.455172413793103,2
conjugate_linear_model,2000,0,0.459851741790771,0,0,0,0,0,N,3,2000,0,0.0444444444444444,0.499017390152818,0.255172413793103,3
conjugate_linear_model,2000,0,0.542745590209961,0,0,0,0,0,N,5,2000,0,0.0333333333333333,0.391437361558801,0.262068965517241,1
conjugate_linear_model,2000,0,0.625326633453369,0,0,0,0,0,N,5,2000,0,0.186666666666667,0.694311577342903,0.441379310344828,2
conjugate_linear_model,2000,0,0.465736389160156,0,0,0,0,0,N,5,2000,0,0.0533333333333333,0.446107238095487,0.206896551724138,3
conjugate_linear_model,2000,0,0.556434392929077,0,0,0,0,0,N,10,2000,0,0.0333333333333333,0.130265027823962,0.103448275862069,1
conjugate_linear_model,2000,0,0.481634140014648,0,0,0,0,0,N,10,2000,0,0.22,0.280653547385597,0.296551724137931,2
conjugate_linear_model,2000,0,0.488285064697266,0,0,0,0,0,N,10,2000,0,0.0433333333333333,0.32254893789595,0.324137931034483,3
conjugate_linear_model,2000,0,0.471839666366577,0,0,0,0,0,N,20,2000,0,0.07,0.118694267134861,0.23448275862069,1
conjugate_linear_model,2000,0,0.453180074691772,0,0,0,0,0,N,20,2000,0,0.16,0.154281897660811,0.455172413793103,2
conjugate_linear_model,2000,0,0.476802110671997,0,0,0,0,0,N,20,2000,0,0.0566666666666667,0.109721428664945,0.227586206896552,3
conjugate_linear_model,2000,0,0.473544597625732,0,0,0,0,0,N,30,2000,0,0.0644444444444444,0.0695255259118911,0.213793103448276,1
conjugate_linear_model,2000,0,0.503374099731445,0,0,0,0,0,N,30,2000,0,0.14,0.122941834810057,0.468965517241379,2
conjugate_linear_model,2000,0,0.481497049331665,0,0,0,0,0,N,30,2000,0,0.0577777777777778,0.0588659420679818,0.186206896551724,3
conjugate_linear_model,2000,0,0.546736001968384,0,0,0,0,0,N,50,2000,0,0.0886666666666667,0.0764409662028847,0.420689655172414,1
conjugate_linear_model,2000,0,0.49361515045166,0,0,0,0,0,N,50,2000,0,0.144,0.0928756605678316,0.462068965517241,2
conjugate_linear_model,2000,0,0.529469966888428,0,0,0,0,0,N,50,2000,0,0.120666666666667,0.0670729102397707,0.386206896551724,3
conjugate_linear_model,2000,0,0.57824182510376,0,0,0,0,0,N,100,2000,0,0.114,0.0781623856176065,0.551724137931034,1
conjugate_linear_model,2000,0,0.510878562927246,0,0,0,0,0,N,100,2000,0,0.112333333333333,0.0573375439877883,0.489655172413793,2
conjugate_linear_model,2000,0,0.51589560508728,0,0,0,0,0,N,100,2000,0,0.143333333333333,0.0978851330509888,0.517241379310345,3
conjugate_linear_model,2000,0,0.50152850151062,0,0,0,0,0,N,250,2000,0,0.107333333333333,0.0470862742877314,0.627586206896552,1
conjugate_linear_model,2000,0,0.568031549453735,0,0,0,0,0,N,250,2000,0,0.0652,0.0174575450492607,0.531034482758621,2
conjugate_linear_model,2000,0,0.477635383605957,0,0,0,0,0,N,250,2000,0,0.122266666666667,0.0711894358721662,0.63448275862069,3
conjugate_linear_model,2000,0,0.469076156616211,0,0,0,0,0,N,500,2000,0,0.157,0.113942638430308,0.813793103448276,1
conjugate_linear_model,2000,0,0.472988128662109,0,0,0,0,0,N,500,2000,0,0.159866666666667,0.113316832257321,0.793103448275862,2
conjugate_linear_model,2000,0,0.47172999382019,0,0,0,0,0,N,500,2000,0,0.124066666666667,0.0710553508507462,0.8,3
conjugate_linear_model,2000,0,0.477576732635498,0,0,0,0,0,N,750,2000,0,0.149511111111111,0.0919591432754244,0.793103448275862,1
conjugate_linear_model,2000,0,0.538083791732788,0,0,0,0,0,N,750,2000,0,0.0973333333333333,0.0361913226515756,0.806896551724138,2
conjugate_linear_model,2000,0,0.506948232650757,0,0,0,0,0,N,750,2000,0,0.0747555555555556,0.0316193869151012,0.724137931034483,3
conjugate_linear_model,2000,0,0.487765073776245,0,0,0,0,0,N,1000,2000,0,0.117166666666667,0.0507789787322257,0.83448275862069,1
conjugate_linear_model,2000,0,0.604708671569824,0,0,0,0,0,N,1000,2000,0,0.1126,0.0483277692793278,0.779310344827586,2
conjugate_linear_model,2000,0,0.503596067428589,0,0,0,0,0,N,1000,2000,0,0.1003,0.045873435876942,0.827586206896552,3
stan_uncollapsed,2000,6.03,4.41,0,0,0,0,0,D,3,4000,2000,0,0.00397161570853968,0.1,1
stan_uncollapsed,2000,4.95,1.83,0,0,0,0,0,D,3,4000,2000,0.01,0.00501556935290725,0,2
stan_uncollapsed,2000,11.91,9.14,0,0,0,0,0,D,3,4000,2000,0,0.00582047346452979,0,3
stan_uncollapsed,2000,8.6,5.43,0,0,0,0,0,D,5,4000,2000,0.008,0.00234989553414212,0,1
stan_uncollapsed,1959.51504389832,8.04,5.24,0,0,0,0,0,D,5,4000,2000,0.022,0.00574066771684145,0.05,2
stan_uncollapsed,2000,14.03,12.5,0,0,0,0,0,D,5,4000,2000,0.02,0.00228160884156434,0,3
stan_uncollapsed,1294.72426472507,38.13,49.11,0,0,0,0,0,D,10,4000,2000,0.023,0.00419512865048762,0,1
stan_uncollapsed,1947.63199215635,30.71,26.71,0,0,0,0,0,D,10,4000,2000,0.031,0.00347621403866423,0,2
stan_uncollapsed,2000,40.7,39.46,0,0,0,0,0,D,10,4000,2000,0.026,0.0039507665906905,0,3
stan_uncollapsed,418.743808524923,356.36,162.75,0,0,0,0,0,D,25,4000,2000,0.1296,0.00879232697730624,0.075,1
stan_uncollapsed,607.784491215922,303.57,156.44,0,0,0,0,0,D,25,4000,2000,0.094,0.00584179652906602,0.0416666666666667,2
stan_uncollapsed,631.054412552278,298.15,235.99,0,0,0,0,0,D,25,4000,2000,0.1116,0.00619706716899225,0.05,3
stan_uncollapsed,115.529443432399,2801.58,1685.03,0,0,0,0,0,D,50,4000,2000,0.1444,0.00834062453416319,0.0653061224489796,1
stan_uncollapsed,136.147072622922,2400.23,1559.96,0,0,0,0,0,D,50,4000,2000,0.1314,0.00668298655441413,0.0489795918367347,2
stan_uncollapsed,60.0206690428621,3352.8,2221.55,0,0,0,0,0,D,50,4000,2000,0.133,0.00749760149753668,0.036734693877551,3
stan_uncollapsed,109.804369667431,16765.2,21260.7,0,0,0,0,0,D,75,4000,2000,0.2012,0.00993874579964908,0.0243243243243243,1
stan_uncollapsed,83.5081263041566,15700,18293.2,0,0,0,0,0,D,75,4000,2000,0.189333333333333,0.00916307999403118,0.0513513513513514,2
stan_uncollapsed,74.9305821858209,14081.2,9039.75,0,0,0,0,0,D,75,4000,2000,0.1644,0.0112240519681875,0.110810810810811,3
stan_uncollapsed,17.917274329048,48297.5,49217.6,0,0,0,0,0,D,100,4000,2000,0.2258,0.0136016143985175,0.0282828282828283,1
stan_uncollapsed,21.6903491400719,41769,45539.9,0,0,0,0,0,D,100,4000,2000,0.2108,0.0120410775839708,0.0202020202020202,2
stan_uncollapsed,23.9458124332801,40277.8,40467.2,0,0,0,0,0,D,100,4000,2000,0.19,0.0134352293109671,0.109090909090909,3
stan_collapsed,1942.05056156026,51.77,37.8,0,0,0,0,0,D,3,4000,2000,0,0.00395965358726549,0.1,1
stan_collapsed,1980.41368398342,64.91,23.36,0,0,0,0,0,D,3,4000,2000,0.01,0.00501173048246009,0,2
stan_collapsed,1976.5317062926,111.24,83.93,0,0,0,0,0,D,3,4000,2000,0,0.00573526614297756,0,3
stan_collapsed,1940.21125124398,70.59,45,0,0,0,0,0,D,5,4000,2000,0.008,0.00232953076095887,0,1
stan_collapsed,1980.23787254455,60.51,46.33,0,0,0,0,0,D,5,4000,2000,0.022,0.00574707751412437,0.05,2
stan_collapsed,1991.50498101829,140.28,108.24,0,0,0,0,0,D,5,4000,2000,0.02,0.00228808914070636,0,3
stan_collapsed,1549.26584637037,154.41,190.48,0,0,0,0,0,D,10,4000,2000,0.023,0.00415229764825125,0,1
stan_collapsed,1947.56471156246,122.37,119.36,0,0,0,0,0,D,10,4000,2000,0.031,0.00349380628190329,0,2
stan_collapsed,1913.52794061396,151.74,161.28,0,0,0,0,0,D,10,4000,2000,0.026,0.00385101493589085,0.0222222222222222,3
stan_collapsed,469.81116730971,266.82,228.07,0,0,0,0,0,D,25,4000,2000,0.1296,0.0085805546902068,0.0833333333333333,1
stan_collapsed,486.214730957934,196.2,111.41,0,0,0,0,0,D,25,4000,2000,0.094,0.00578950238017527,0.075,2
stan_collapsed,268.591686650605,257.57,204.39,0,0,0,0,0,D,25,4000,2000,0.1116,0.00587341681771791,0.0333333333333333,3
stan_collapsed,184.166755577847,506.65,635.58,0,0,0,0,0,D,50,4000,2000,0.1444,0.00865890505509824,0.0857142857142857,1
stan_collapsed,123.882102567295,540.75,419.06,0,0,0,0,0,D,50,4000,2000,0.1314,0.00669260762833201,0.073469387755102,2
stan_collapsed,155.687651343053,546.17,598.38,0,0,0,0,0,D,50,4000,2000,0.133,0.00768473560697725,0.0612244897959184,3
stan_collapsed,132.354697191507,1300.32,1521.7,0,0,0,0,0,D,75,4000,2000,0.2012,0.00982686870340072,0.0594594594594595,1
stan_collapsed,68.2394181402636,1345.27,1284.79,0,0,0,0,0,D,75,4000,2000,0.189333333333333,0.0102568503713646,0.137837837837838,2
stan_collapsed,61.1585612722332,1370.2,1146.79,0,0,0,0,0,D,75,4000,2000,0.1644,0.0142389649075111,0.235135135135135,3
stan_collapsed,103.324018815779,2423.5,1906.3,0,0,0,0,0,D,100,4000,2000,0.2258,0.0148498245868086,0.125252525252525,1
stan_collapsed,96.9179888576161,2407.02,2051.74,0,0,0,0,0,D,100,4000,2000,0.2108,0.00923026525215138,0.0686868686868687,2
stan_collapsed,84.4453982955464,2603.53,2230.77,0,0,0,0,0,D,100,4000,2000,0.19,0.0138785751796219,0.216161616161616,3
stan_collapsed,46.1876916967994,11056.5,10607.9,0,0,0,0,0,D,250,4000,2000,0.32712,0.0185372155838965,0.0947791164658635,1
stan_collapsed,44.6612045717971,12664.7,14421.1,0,0,0,0,0,D,250,4000,2000,0.33716,0.0186606971730457,0.120481927710843,2
stan_collapsed,43.5286840196863,10838.1,10694.2,0,0,0,0,0,D,250,4000,2000,0.30132,0.0160266398849287,0.127710843373494,3
stan_collapsed,10.6863335058869,32599,33410.9,0,0,0,0,0,D,500,4000,2000,0.42768,0.057214636996624,0.267334669338677,1
stan_collapsed,12.9625798295165,36494.7,37896.4,0,0,0,0,0,D,500,4000,2000,0.43942,0.0400303833097831,0.214829659318637,2
stan_collapsed,8.07323839523638,32336.2,33641,0,0,0,0,0,D,500,4000,2000,0.4043,0.0470577354821308,0.241683366733467,3
mongrel_eigen,4000,0,0.506349563598633,0.001252377,0.381528022,0.018032454,0.459012647,0.053141815,D,3,4000,0,0,0.00381204853003626,0.1,1
mongrel_eigen,4000,0,0.520424127578735,0.001231734,0.403949281,0.033068702,0.473571903,0.029628831,D,3,4000,0,0.01,0.00549710668756043,0,2
mongrel_eigen,4000,0,0.408617973327637,0.001103198,0.30586374,0.002491741,0.35361676,0.038220157,D,3,4000,0,0,0.0059931653221888,0,3
mongrel_eigen,4000,0,1.17247414588928,0.003755666,0.813054203,0.038970669,0.904543295,0.040617608,D,5,4000,0,0.008,0.0024860362597978,0,1
mongrel_eigen,4000,0,1.09540915489197,0.003912437,0.695448651,0.091015514,0.859639915,0.059089386,D,5,4000,0,0.022,0.00537905019452586,0.05,2
mongrel_eigen,4000,0,0.944490432739258,0.004007663,0.633621332,0.044126006,0.729066995,0.040285697,D,5,4000,0,0.02,0.00222400519529108,0,3
mongrel_eigen,4000,0,3.07347655296326,0.01961284,2.209446124,0.236234879,2.832043798,0.095268338,D,10,4000,0,0.023,0.00447076918421224,0.0222222222222222,1
mongrel_eigen,4000,0,4.50160598754883,0.033593474,3.208035985,0.560886695,4.235396963,0.118952605,D,10,4000,0,0.031,0.00387883051788091,0.0444444444444444,2
mongrel_eigen,4000,0,2.79055190086365,0.019928525,1.952709178,0.248270945,2.547485078,0.092138547,D,10,4000,0,0.026,0.00384084064420003,0.0222222222222222,3
mongrel_eigen,4000,0,29.0116956233978,0.270625198,26.83292306,0.907067811,28.74297554,0.456583829,D,25,4000,0,0.1296,0.00996875521927872,0.15,1
mongrel_eigen,4000,0,73.0839347839355,0.341133011,68.940460043,2.035763458,72.646541628,0.948851774,D,25,4000,0,0.094,0.00689574632684375,0.125,2
mongrel_eigen,4000,0,28.3251829147339,0.273430946,26.186329492,0.932375019,28.051426133,0.381850882,D,25,4000,0,0.1116,0.00621811464370671,0.0916666666666667,3
mongrel_eigen,4000,0,271.47595500946,1.157710981,258.704745899,7.30186456,270.952448152,3.459362602,D,50,4000,0,0.1444,0.00970035745040671,0.142857142857143,1
mongrel_eigen,4000,0,300.755630970001,1.260193317,291.949419766,5.063018045,300.412973234,1.745318322,D,50,4000,0,0.1314,0.00807643801911855,0.175510204081633,2
mongrel_eigen,4000,0,276.789310455322,1.153570379,265.343146344,7.803389551,276.43288038,1.779660766,D,50,4000,0,0.133,0.0101216222141561,0.163265306122449,3
mongrel_eigen,4000,0,994.372628927231,3.228392889,972.824260406,12.773819855,994.13938022,4.779806546,D,75,4000,0,0.2012,0.0104537768085615,0.0918918918918919,1
mongrel_eigen,4000,0,900.895531177521,3.123052824,882.109880734,10.190324458,900.683420729,4.752374837,D,75,4000,0,0.189333333333333,0.0128318997420468,0.197297297297297,2
mongrel_eigen,4000,0,1092.4712460041,3.0327646,1072.356012935,11.702099563,1092.267779598,4.722192447,D,75,4000,0,0.1644,0.0192956597919234,0.42972972972973,3
mongrel_eigen,4000,0,2268.56119608879,5.649052219,2210.986635063,42.522544215,2268.029286559,8.196888282,D,100,4000,0,0.2258,0.0174175135358488,0.21010101010101,1
mongrel_eigen,4000,0,2094.32902956009,5.447231786,2043.946636512,35.609869962,2093.840952465,8.180624589,D,100,4000,0,0.2108,0.0102582061950417,0.111111111111111,2
mongrel_eigen,4000,0,2278.77395868301,5.987866989,2230.230180108,33.275593319,2278.245173878,8.075787257,D,100,4000,0,0.19,0.016410470566989,0.317171717171717,3
mongrel_eigen,4000,0,37867.0316495895,40.358031541,35923.462733481,1511.114118915,37865.533802959,388.111731063,D,250,4000,0,0.32712,0.022345898866783,0.16144578313253,1
mongrel_eigen,4000,0,40141.43334198,36.750550912,39273.59938059,438.490774592,40139.913392771,388.605628409,D,250,4000,0,0.33716,0.0206409783339175,0.152610441767068,2
mongrel_eigen,4000,0,42529.0234997272,49.463348045,38614.27000294,3475.231921032,42527.423205399,385.32382435,D,250,4000,0,0.30132,0.0190350909412771,0.177510040160643,3
mongrel_cholesky,4000,0,0.408709764480591,0.001114965,0.324726387,0.01372145,0.369294711,0.025738677,D,3,4000,0,0,0.00381224092595169,0.1,1
mongrel_cholesky,4000,0,0.424925804138184,0.001167872,0.325548018,0.029512535,0.385567416,0.025318034,D,3,4000,0,0.01,0.00548475282660335,0.1,2
mongrel_cholesky,4000,0,0.359555721282959,0.001129023,0.287616486,0.002514652,0.320440283,0.025322715,D,3,4000,0,0,0.00598781635120659,0,3
mongrel_cholesky,4000,0,0.90790581703186,0.00401261,0.583260654,0.04278565,0.67460518,0.038990726,D,5,4000,0,0.008,0.00247932948978673,0,1
mongrel_cholesky,4000,0,1.06789875030518,0.004062338,0.655196732,0.09385261,0.797621069,0.038665645,D,5,4000,0,0.022,0.00537861404844494,0.05,2
mongrel_cholesky,4000,0,1.0329384803772,0.004072479,0.663027195,0.047232911,0.759423385,0.039230887,D,5,4000,0,0.02,0.00222990981010243,0,3
mongrel_cholesky,4000,0,1.7972776889801,0.018603373,1.008321092,0.21564528,1.553768648,0.089932648,D,10,4000,0,0.023,0.00446365146499724,0.0222222222222222,1
mongrel_cholesky,4000,0,1.85089206695557,0.01775773,1.020986673,0.243946228,1.600701528,0.089950943,D,10,4000,0,0.031,0.00387079228894268,0.0444444444444444,2
mongrel_cholesky,4000,0,1.82455253601074,0.018809832,1.008243774,0.240772003,1.581072011,0.091226785,D,10,4000,0,0.026,0.00383814351095108,0.0222222222222222,3
mongrel_cholesky,4000,0,5.84076476097107,0.265571141,3.765894447,0.897952685,5.568572094,0.377122251,D,25,4000,0,0.1296,0.00996563301012626,0.15,1
mongrel_cholesky,4000,0,5.78982663154602,0.265935441,3.764654693,0.839780921,5.517253292,0.385230447,D,25,4000,0,0.094,0.00686233282576098,0.125,2
mongrel_cholesky,4000,0,5.76938557624817,0.264425047,3.765056238,0.829856501,5.497923375,0.377563067,D,25,4000,0,0.1116,0.00620222973137732,0.0833333333333333,3
mongrel_cholesky,4000,0,24.8656671047211,1.24440216,14.33110723,6.881275919,24.53606963,1.723266568,D,50,4000,0,0.1444,0.00964571193517714,0.142857142857143,1
mongrel_cholesky,4000,0,22.8368380069733,1.303529075,14.367244967,4.720795456,22.499350519,1.73808643,D,50,4000,0,0.1314,0.00805148343557222,0.175510204081633,2
mongrel_cholesky,4000,0,25.1616532802582,1.235398087,14.333403805,7.115145549,24.831234859,1.790695111,D,50,4000,0,0.133,0.0100369213379422,0.16734693877551,3
mongrel_cholesky,4000,0,54.6166844367981,3.163123846,34.820792009,11.057918144,54.376838562,4.785679433,D,75,4000,0,0.2012,0.0104961876281128,0.0918918918918919,1
mongrel_cholesky,4000,0,52.0015323162079,3.122474849,34.819931984,8.64054354,51.763936337,4.642180168,D,75,4000,0,0.189333333333333,0.0128416354821788,0.205405405405405,2
mongrel_cholesky,4000,0,53.410120010376,3.053944161,34.66296365,10.315866143,53.177521729,4.647830814,D,75,4000,0,0.1644,0.019331927162609,0.42972972972973,3
mongrel_cholesky,4000,0,99.5658361911774,5.902370115,67.674294324,16.728856945,99.048286931,8.067296002,D,100,4000,0,0.2258,0.0175197035682006,0.202020202020202,1
mongrel_cholesky,4000,0,101.562328338623,5.905187277,67.696636426,18.703544454,101.04468464,8.061466926,D,100,4000,0,0.2108,0.0102202342060532,0.109090909090909,2
mongrel_cholesky,4000,0,98.2940876483917,5.957465609,67.797713791,15.205838002,97.772115057,8.12627633,D,100,4000,0,0.19,0.0165506841842335,0.315151515151515,3
mongrel_cholesky,4000,0,1775.90010786057,41.798422197,724.587289685,526.459338615,1774.517152074,478.979780093,D,250,4000,0,0.32712,0.0223172428181301,0.159036144578313,1
mongrel_cholesky,4000,0,1573.01353812218,52.44983148,686.058169236,436.190805125,1571.467784371,394.044411234,D,250,4000,0,0.33716,0.0206372679133278,0.147791164658635,2
mongrel_cholesky,4000,0,1771.17151689529,40.65799427,739.010269467,497.281356692,1769.659961426,490.09831741,D,250,4000,0,0.30132,0.0190193618008251,0.178313253012048,3
mongrel_cholesky,4000,0,11798.8690466881,169.255447276,7075.544423809,3710.878033528,11794.114327834,837.764284585,D,500,4000,0,0.42768,0.075643451452136,0.363527054108216,1
mongrel_cholesky,4000,0,14224.1816239357,165.985261856,5761.153055772,7508.531156669,14219.820127825,783.424450985,D,500,4000,0,0.43942,0.0387113428256631,0.220440881763527,2
mongrel_cholesky,4000,0,8092.88844680786,163.202969148,4963.410497293,2179.172932788,8088.341459989,781.867469175,D,500,4000,0,0.4043,0.0429312264029311,0.272945891783567,3
conjugate_linear_model,2000,0,0.006805419921875,0,0,0,0,0,D,3,2000,0,0,0.00452970359881262,0.1,1
conjugate_linear_model,2000,0,0.00687837600708008,0,0,0,0,0,D,3,2000,0,0.01,0.00799321184684627,0.2,2
conjugate_linear_model,2000,0,0.00718832015991211,0,0,0,0,0,D,3,2000,0,0,0.00569157945008773,0,3
conjugate_linear_model,2000,0,0.0116767883300781,0,0,0,0,0,D,5,2000,0,0.008,0.00398393687377013,0.15,1
conjugate_linear_model,2000,0,0.0117671489715576,0,0,0,0,0,D,5,2000,0,0.022,0.00902309675082765,0.1,2
conjugate_linear_model,2000,0,0.0113682746887207,0,0,0,0,0,D,5,2000,0,0.02,0.00425036083353943,0.05,3
conjugate_linear_model,2000,0,0.0492179393768311,0,0,0,0,0,D,10,2000,0,0.023,0.0136302674777771,0.244444444444444,1
conjugate_linear_model,2000,0,0.0453038215637207,0,0,0,0,0,D,10,2000,0,0.031,0.0112154538959011,0.177777777777778,2
conjugate_linear_model,2000,0,0.0480618476867676,0,0,0,0,0,D,10,2000,0,0.026,0.0075729934020598,0.155555555555556,3
conjugate_linear_model,2000,0,0.276932954788208,0,0,0,0,0,D,25,2000,0,0.1296,0.0862398585092119,0.458333333333333,1
conjugate_linear_model,2000,0,0.277753114700317,0,0,0,0,0,D,25,2000,0,0.094,0.0564472797431184,0.508333333333333,2
conjugate_linear_model,2000,0,0.28482985496521,0,0,0,0,0,D,25,2000,0,0.1116,0.0696651628761282,0.491666666666667,3
conjugate_linear_model,2000,0,0.958667755126953,0,0,0,0,0,D,50,2000,0,0.1444,0.137364019542124,0.546938775510204,1
conjugate_linear_model,2000,0,1.04512476921082,0,0,0,0,0,D,50,2000,0,0.1314,0.0755268070630507,0.510204081632653,2
conjugate_linear_model,2000,0,0.920677185058594,0,0,0,0,0,D,50,2000,0,0.133,0.0944207444328743,0.530612244897959,3
conjugate_linear_model,2000,0,1.95798134803772,0,0,0,0,0,D,75,2000,0,0.2012,0.162587053697801,0.62972972972973,1
conjugate_linear_model,2000,0,2.11690187454224,0,0,0,0,0,D,75,2000,0,0.189333333333333,0.13302001390792,0.659459459459459,2
conjugate_linear_model,2000,0,1.82111001014709,0,0,0,0,0,D,75,2000,0,0.1644,0.0897484343434176,0.491891891891892,3
conjugate_linear_model,2000,0,14.3893630504608,0,0,0,0,0,D,100,2000,0,0.2258,0.192743565494741,0.608080808080808,1
conjugate_linear_model,2000,0,32.5231666564941,0,0,0,0,0,D,100,2000,0,0.2108,0.144253518612435,0.636363636363636,2
conjugate_linear_model,2000,0,5.42936325073242,0,0,0,0,0,D,100,2000,0,0.19,0.111306844488882,0.581818181818182,3
conjugate_linear_model,2000,0,79.099128484726,0,0,0,0,0,D,250,2000,0,0.32712,0.285167725583131,0.718072289156626,1
conjugate_linear_model,2000,0,136.477421760559,0,0,0,0,0,D,250,2000,0,0.33716,0.268958404676137,0.697991967871486,2
conjugate_linear_model,2000,0,135.341898679733,0,0,0,0,0,D,250,2000,0,0.30132,0.237809057558783,0.680321285140562,3
conjugate_linear_model,2000,0,283.817387580872,0,0,0,0,0,D,500,2000,0,0.42768,0.391637992502261,0.755911823647295,1
conjugate_linear_model,2000,0,242.906009197235,0,0,0,0,0,D,500,2000,0,0.43942,0.366411869088903,0.766332665330661,2
conjugate_linear_model,2000,0,233.192610263824,0,0,0,0,0,D,500,2000,0,0.4043,0.336025287452415,0.746292585170341,3
stan_uncollapsed,339.475785170394,197.19,87.8,0,0,0,0,0,Q,2,4000,2000,0.00533333333333333,0.00299346419385286,0,1
stan_uncollapsed,523.261016333559,258.47,327.72,0,0,0,0,0,Q,2,4000,2000,0.0183333333333333,0.00291652738638224,0.0344827586206897,2
stan_uncollapsed,408.641490299332,228.53,177.3,0,0,0,0,0,Q,2,4000,2000,0.00733333333333333,0.00378686122977115,0.0689655172413793,3
stan_uncollapsed,287.473432464745,375.88,168.33,0,0,0,0,0,Q,4,4000,2000,0.061,0.00734783847295092,0.0775862068965517,1
stan_uncollapsed,365.273823417134,417,218.06,0,0,0,0,0,Q,4,4000,2000,0.06,0.00555176361821543,0.0689655172413793,2
stan_uncollapsed,336.555838327603,394.5,166.5,0,0,0,0,0,Q,4,4000,2000,0.091,0.00572180769414613,0.0431034482758621,3
stan_uncollapsed,186.859308468578,854.1,498.94,0,0,0,0,0,Q,10,4000,2000,0.309,0.0148044780454543,0.0310344827586207,1
stan_uncollapsed,205.891427883111,679.34,386.76,0,0,0,0,0,Q,10,4000,2000,0.286333333333333,0.0124676394087349,0.0206896551724138,2
stan_uncollapsed,277.794986212245,844.79,490.47,0,0,0,0,0,Q,10,4000,2000,0.297333333333333,0.0165178659759335,0.0482758620689655,3
stan_uncollapsed,839.167138626381,1725.3,1546.51,0,0,0,0,0,Q,20,4000,2000,0.544666666666667,0.0708197151859346,0.096551724137931,1
stan_uncollapsed,571.044464138496,1191.15,1247.15,0,0,0,0,0,Q,20,4000,2000,0.538666666666667,0.072470207358441,0.096551724137931,2
stan_uncollapsed,471.995311150472,1414.88,1216.21,0,0,0,0,0,Q,20,4000,2000,0.503,0.0558234666326299,0.0879310344827586,3
stan_uncollapsed,127.29118987576,2220.95,2311.03,0,0,0,0,0,Q,50,4000,2000,0.761,0.669314056785624,0.235862068965517,1
stan_uncollapsed,95.9835763476484,2220.04,2119.58,0,0,0,0,0,Q,50,4000,2000,0.736333333333333,0.639517781011656,0.231034482758621,2
stan_uncollapsed,122.756685602756,1630.48,1579.88,0,0,0,0,0,Q,50,4000,2000,0.735,0.622085632327955,0.244827586206897,3
stan_uncollapsed,41.1831443556571,2515.89,2371.65,0,0,0,0,0,Q,75,4000,2000,0.816333333333333,1.17986523467719,0.189885057471264,1
stan_uncollapsed,38.7113787024115,1838.43,1851.58,0,0,0,0,0,Q,75,4000,2000,0.820333333333333,1.20563851262595,0.194022988505747,2
stan_uncollapsed,43.1547986159424,1630.76,1657.15,0,0,0,0,0,Q,75,4000,2000,0.817333333333333,1.17854437405791,0.223448275862069,3
stan_uncollapsed,44.3054193928208,2306.53,2332.9,0,0,0,0,0,Q,100,4000,2000,0.835,1.16656329106734,0.204137931034483,1
stan_uncollapsed,26.0582352109634,1560.43,1601.81,0,0,0,0,0,Q,100,4000,2000,0.854666666666667,1.45418034752268,0.166896551724138,2
stan_uncollapsed,30.2713837060977,1976.2,1979.4,0,0,0,0,0,Q,100,4000,2000,0.852666666666667,1.37211606184206,0.198620689655172,3
stan_uncollapsed,24.4990852455359,3244.3,3283.89,0,0,0,0,0,Q,250,4000,2000,0.915333333333333,1.37105976828854,0.248827586206897,1
stan_uncollapsed,25.4090779828068,3807.68,3038.63,0,0,0,0,0,Q,250,4000,2000,0.905333333333333,1.36416256607423,0.23351724137931,2
stan_uncollapsed,32.1440400535962,2423.33,2458.41,0,0,0,0,0,Q,250,4000,2000,0.896666666666667,1.28679471691259,0.250758620689655,3
stan_uncollapsed,29.1470076668291,6327.66,6380.05,0,0,0,0,0,Q,500,4000,2000,0.932666666666667,1.23203907093533,0.336068965517241,1
stan_uncollapsed,28.374723696351,5400.91,5560.38,0,0,0,0,0,Q,500,4000,2000,0.937,1.21499903772359,0.355724137931034,2
stan_uncollapsed,30.9944189967299,5354.05,5453.97,0,0,0,0,0,Q,500,4000,2000,0.928666666666667,1.23430020890894,0.34351724137931,3
stan_collapsed,913.01333926494,137.88,162.14,0,0,0,0,0,Q,2,4000,2000,0.00533333333333333,0.0030500314556988,0.0344827586206897,1
stan_collapsed,384.556210876341,158.89,109.95,0,0,0,0,0,Q,2,4000,2000,0.0183333333333333,0.00284572480701975,0.0344827586206897,2
stan_collapsed,1027.11083417269,135.36,127.02,0,0,0,0,0,Q,2,4000,2000,0.00733333333333333,0.00373342918740639,0.0689655172413793,3
stan_collapsed,241.465803174936,224.57,214.69,0,0,0,0,0,Q,4,4000,2000,0.061,0.00739941246202241,0.0775862068965517,1
stan_collapsed,267.328925009026,253.57,122.04,0,0,0,0,0,Q,4,4000,2000,0.06,0.0053243124487914,0.0948275862068965,2
stan_collapsed,351.827861028823,212.08,224.38,0,0,0,0,0,Q,4,4000,2000,0.091,0.00545726841334236,0.0517241379310345,3
stan_collapsed,379.657341819406,509.2,633.36,0,0,0,0,0,Q,10,4000,2000,0.309,0.0143692952961645,0.0586206896551724,1
stan_collapsed,127.397227458808,384.41,269.66,0,0,0,0,0,Q,10,4000,2000,0.286333333333333,0.0127044152306682,0.0448275862068966,2
stan_collapsed,209.538210314921,443.65,310.87,0,0,0,0,0,Q,10,4000,2000,0.297333333333333,0.0165778726556971,0.0655172413793104,3
stan_collapsed,633.613220208019,1057.25,915.96,0,0,0,0,0,Q,20,4000,2000,0.544666666666667,0.0732708179685883,0.186206896551724,1
stan_collapsed,436.878388345603,881.02,717.31,0,0,0,0,0,Q,20,4000,2000,0.538666666666667,0.0804544846121873,0.206896551724138,2
stan_collapsed,604.466565665463,988.76,850.99,0,0,0,0,0,Q,20,4000,2000,0.503,0.0574435293289856,0.146551724137931,3
stan_collapsed,856.594401504912,1730.76,1724.38,0,0,0,0,0,Q,50,4000,2000,0.761,0.6530775016776,0.368965517241379,1
stan_collapsed,849.628146932371,2069.18,2108.8,0,0,0,0,0,Q,50,4000,2000,0.736333333333333,0.603266923296745,0.339310344827586,2
stan_collapsed,983.038399992652,1742.11,1698.55,0,0,0,0,0,Q,50,4000,2000,0.735,0.589857569130909,0.344137931034483,3
stan_collapsed,452.747807585543,1835.26,1828.27,0,0,0,0,0,Q,75,4000,2000,0.816333333333333,1.03253768301845,0.296091954022988,1
stan_collapsed,566.504175844899,1618.94,1647.46,0,0,0,0,0,Q,75,4000,2000,0.820333333333333,1.02470945593478,0.309425287356322,2
stan_collapsed,520.096987514039,3418.17,1700.19,0,0,0,0,0,Q,75,4000,2000,0.817333333333333,1.06779778485872,0.323218390804598,3
stan_collapsed,1059.31923254313,1522.48,1568.36,0,0,0,0,0,Q,100,4000,2000,0.835,1.04004567075986,0.311379310344828,1
stan_collapsed,609.116088488977,1541.7,1567.86,0,0,0,0,0,Q,100,4000,2000,0.854666666666667,1.24456028519155,0.277586206896552,2
stan_collapsed,940.297481476329,1831.3,1910.32,0,0,0,0,0,Q,100,4000,2000,0.852666666666667,1.16720097386456,0.30551724137931,3
stan_collapsed,944.369752664744,1533.11,1562.47,0,0,0,0,0,Q,250,4000,2000,0.915333333333333,1.39068755708839,0.250620689655172,1
stan_collapsed,1029.88237177983,1836.46,1867.15,0,0,0,0,0,Q,250,4000,2000,0.905333333333333,1.28904257251064,0.281931034482759,2
stan_collapsed,1206.13519176658,1525.54,1573.08,0,0,0,0,0,Q,250,4000,2000,0.896666666666667,1.18391570627084,0.326206896551724,3
stan_collapsed,1293.2797541017,1529.86,1570.5,0,0,0,0,0,Q,500,4000,2000,0.932666666666667,1.21008837418258,0.354,1
stan_collapsed,1146.49753136809,1860.09,1904.64,0,0,0,0,0,Q,500,4000,2000,0.937,1.2650451866579,0.306137931034483,2
stan_collapsed,1394.00012985209,1540.69,1579.39,0,0,0,0,0,Q,500,4000,2000,0.928666666666667,1.2213808363465,0.349655172413793,3
mongrel_eigen,4000,0,80.1583817005157,0.617138336,76.410122168,1.235399116,79.680428171,0.860247983,Q,2,4000,0,0.00533333333333333,0.00331200749271199,0.0689655172413793,1
mongrel_eigen,4000,0,61.1969456672668,0.280343804,59.29555165,0.578713522,60.905161314,0.529245243,Q,2,4000,0,0.0183333333333333,0.00280751230733205,0.0344827586206897,2
mongrel_eigen,4000,0,67.3472993373871,0.302449852,65.459958488,0.582636312,67.049129505,0.495931218,Q,2,4000,0,0.00733333333333333,0.00385558370228375,0.0862068965517241,3
mongrel_eigen,4000,0,54.2665362358093,0.280951601,52.243690896,0.776661414,54.048756334,0.55477153,Q,4,4000,0,0.061,0.00749521388277879,0.0862068965517241,1
mongrel_eigen,4000,0,58.6883234977722,0.323662891,56.245800513,1.152397417,58.465645731,0.529910327,Q,4,4000,0,0.06,0.00530956633608084,0.137931034482759,2
mongrel_eigen,4000,0,53.4073851108551,0.31580068,50.933216398,1.169070203,53.17097792,0.526381257,Q,4,4000,0,0.091,0.00574666050126359,0.103448275862069,3
mongrel_eigen,4000,0,56.5731344223022,0.272999293,52.910565026,2.234430968,56.317685487,0.66024322,Q,10,4000,0,0.309,0.0164822619532349,0.193103448275862,1
mongrel_eigen,4000,0,56.0152122974396,0.385008312,52.606554145,1.797087644,55.748686321,0.706534283,Q,10,4000,0,0.286333333333333,0.0172317682664029,0.2,2
mongrel_eigen,4000,0,64.8534672260284,0.415484639,60.556490793,2.507453875,64.552677464,0.767071706,Q,10,4000,0,0.297333333333333,0.0213379077347007,0.23448275862069,3
mongrel_eigen,4000,0,56.0142893791199,0.283385609,51.566574923,2.738075375,55.704373628,0.922643181,Q,20,4000,0,0.544666666666667,0.091679428048514,0.363793103448276,1
mongrel_eigen,4000,0,60.7999050617218,0.464481421,56.295622734,2.560307119,60.514517094,0.875409499,Q,20,4000,0,0.538666666666667,0.113837940710376,0.446551724137931,2
mongrel_eigen,4000,0,59.1139001846313,0.408199405,54.800519113,2.308634684,58.797693025,0.968277995,Q,20,4000,0,0.503,0.0765801756951278,0.310344827586207,3
mongrel_eigen,4000,0,56.5208995342255,0.432344284,49.411057631,3.967243336,55.895648526,1.766270153,Q,50,4000,0,0.761,0.677496578042177,0.553793103448276,1
mongrel_eigen,4000,0,61.8922626972198,0.392973331,54.86120624,4.014478863,61.338908883,1.777801531,Q,50,4000,0,0.736333333333333,0.629367333055071,0.531034482758621,2
mongrel_eigen,4000,0,56.9034683704376,0.379400312,46.050961236,7.987929869,56.288156071,1.609716132,Q,50,4000,0,0.735,0.674458906200114,0.512413793103448,3
mongrel_eigen,4000,0,59.6618292331696,0.420484325,48.961851823,7.00048915,59.151793691,2.417904001,Q,75,4000,0,0.816333333333333,0.954224051651963,0.501149425287356,1
mongrel_eigen,4000,0,54.6280918121338,0.299826778,48.274717609,3.23622788,54.153908773,2.11077616,Q,75,4000,0,0.820333333333333,1.00024882584357,0.48,2
mongrel_eigen,4000,0,59.2623951435089,0.373624096,47.927714859,7.882729028,58.733758898,2.25654524,Q,75,4000,0,0.817333333333333,1.07012565631107,0.521379310344828,3
mongrel_eigen,4000,0,53.0219700336456,0.268559552,44.405247637,5.634957423,52.634133347,2.140268975,Q,100,4000,0,0.835,1.01751112164294,0.503103448275862,1
mongrel_eigen,4000,0,57.842883348465,0.302767162,49.414345577,4.242451209,57.382930989,3.220055958,Q,100,4000,0,0.854666666666667,1.09912410618698,0.451034482758621,2
mongrel_eigen,4000,0,63.079176902771,0.388381538,48.083243362,11.367202717,62.567200423,2.47574,Q,100,4000,0,0.852666666666667,1.09340263081669,0.478275862068965,3
mongrel_eigen,4000,0,260.928269863129,0.397046391,135.12894542,7.34801194,260.320373026,117.096837815,Q,250,4000,0,0.915333333333333,1.15625804339443,0.473931034482759,1
mongrel_eigen,4000,0,241.326806306839,0.382167889,51.463931328,4.462630435,240.759445715,184.196458305,Q,250,4000,0,0.905333333333333,1.08358772019384,0.514758620689655,2
mongrel_eigen,4000,0,243.522625923157,0.394265511,54.3158828,5.266759125,242.856485199,182.585243106,Q,250,4000,0,0.896666666666667,1.04713531146237,0.542620689655172,3
mongrel_eigen,4000,0,1374.07074141502,0.385476602,108.782434333,5.514502829,1373.576764886,1258.574022561,Q,500,4000,0,0.932666666666667,1.05158662307067,0.603379310344828,1
mongrel_eigen,4000,0,395.458791255951,0.397779593,52.456798797,5.284397805,394.897822172,336.457625787,Q,500,4000,0,0.937,1.04964605335185,0.622413793103448,2
mongrel_eigen,4000,0,394.569552659988,0.392828854,51.098005767,4.720602395,394.0214699,337.5251856,Q,500,4000,0,0.928666666666667,1.06457764654133,0.605448275862069,3
mongrel_cholesky,4000,0,7.24694466590881,0.35384777,5.130694329,0.756851806,6.969355224,0.486177686,Q,2,4000,0,0.00533333333333333,0.00331750175588166,0.0689655172413793,1
mongrel_cholesky,4000,0,7.24288296699524,0.405005988,5.238654481,0.531261363,6.951608034,0.491737542,Q,2,4000,0,0.0183333333333333,0.00281206917431234,0.0344827586206897,2
mongrel_cholesky,4000,0,7.54393577575684,0.399720917,5.358968188,0.578412905,7.184349381,0.499063685,Q,2,4000,0,0.00733333333333333,0.0038537455917336,0.0862068965517241,3
mongrel_cholesky,4000,0,7.69832968711853,0.391825029,5.343179037,0.746914498,7.347506171,0.524402702,Q,4,4000,0,0.061,0.00748848555281151,0.0862068965517241,1
mongrel_cholesky,4000,0,7.78871703147888,0.398131202,5.224243733,1.073498266,7.501592916,0.524816894,Q,4,4000,0,0.06,0.00530011725963487,0.129310344827586,2
mongrel_cholesky,4000,0,7.95548295974731,0.411748421,5.344810164,0.97246271,7.604716763,0.532147481,Q,4,4000,0,0.091,0.00577460051764622,0.0948275862068965,3
mongrel_cholesky,4000,0,9.36084294319153,0.411740983,5.362935789,2.220412073,8.996459354,0.651461066,Q,10,4000,0,0.309,0.0165028066923112,0.193103448275862,1
mongrel_cholesky,4000,0,8.83339881896973,0.396229482,5.347880277,1.746360721,8.478043274,0.646538413,Q,10,4000,0,0.286333333333333,0.017209078873376,0.203448275862069,2
mongrel_cholesky,4000,0,9.37063264846802,0.391058278,5.348387986,2.283381318,9.012965228,0.6470535,Q,10,4000,0,0.297333333333333,0.0213737868210116,0.224137931034483,3
mongrel_cholesky,4000,0,9.63070821762085,0.390773679,5.220398583,2.631920049,9.339782609,0.820659309,Q,20,4000,0,0.544666666666667,0.0917517215982036,0.368965517241379,1
mongrel_cholesky,4000,0,9.53394508361816,0.39157554,5.345389659,2.279349326,9.173329617,0.814270845,Q,20,4000,0,0.538666666666667,0.113743741696676,0.444827586206897,2
mongrel_cholesky,4000,0,9.39904642105103,0.401112155,5.344110586,2.136487004,9.039641952,0.814839065,Q,20,4000,0,0.503,0.0766163917991996,0.318965517241379,3
mongrel_cholesky,4000,0,11.5615601539612,0.40257126,5.226778871,3.517237846,11.057654401,1.629478023,Q,50,4000,0,0.761,0.67750729467339,0.553103448275862,1
mongrel_cholesky,4000,0,11.8349554538727,0.412993878,5.347956185,3.585465091,11.338634848,1.648567775,Q,50,4000,0,0.736333333333333,0.629429609812728,0.531724137931034,2
mongrel_cholesky,4000,0,15.2519767284393,0.413571688,5.23885527,7.170678576,14.743571364,1.634578508,Q,50,4000,0,0.735,0.673793064508073,0.51448275862069,3
mongrel_cholesky,4000,0,15.6734616756439,0.406804734,5.347375837,6.51505748,15.045599741,2.433585495,Q,75,4000,0,0.816333333333333,0.954731908174587,0.503908045977011,1
mongrel_cholesky,4000,0,14.590206861496,0.488037659,6.735522094,3.598753864,14.068525529,2.966418847,Q,75,4000,0,0.820333333333333,1.00037056354673,0.47816091954023,2
mongrel_cholesky,4000,0,16.3787679672241,0.404741566,5.347304305,7.195646002,15.742421426,2.449983623,Q,75,4000,0,0.817333333333333,1.06963686809835,0.520459770114942,3
mongrel_cholesky,4000,0,14.9168317317963,0.410196045,5.362538649,5.646964076,14.272037691,2.50142053,Q,100,4000,0,0.835,1.01724890776171,0.502413793103448,1
mongrel_cholesky,4000,0,14.7886490821838,0.31758739,5.796097838,4.657195417,14.203192565,3.17798081,Q,100,4000,0,0.854666666666667,1.09867135394748,0.452068965517241,2
mongrel_cholesky,4000,0,19.9077231884003,0.392406738,5.277351036,10.899192212,19.331535113,2.452253286,Q,100,4000,0,0.852666666666667,1.09331985759344,0.476896551724138,3
mongrel_cholesky,4000,0,30.691116809845,0.40026378,5.343796329,6.894597453,29.962089376,16.979474826,Q,250,4000,0,0.915333333333333,1.156327712315,0.472413793103448,1
mongrel_cholesky,4000,0,27.4161415100098,0.392351483,5.213532094,4.115280675,26.834362521,16.837303921,Q,250,4000,0,0.905333333333333,1.08363711707053,0.515172413793103,2
mongrel_cholesky,4000,0,35.7777705192566,0.39229104,5.336438591,4.898659676,35.099736272,24.13511863,Q,250,4000,0,0.896666666666667,1.04724428640468,0.541655172413793,3
mongrel_cholesky,4000,0,349.222763299942,0.395717045,5.339894794,5.140265481,348.734952353,337.515602015,Q,500,4000,0,0.932666666666667,1.05140437976695,0.60351724137931,1
mongrel_cholesky,4000,0,349.078048229218,0.410541402,5.224344376,4.966827124,348.632166911,337.74715339,Q,500,4000,0,0.937,1.04978849479815,0.621931034482759,2
mongrel_cholesky,4000,0,417.693737983704,0.398859079,5.286233389,4.481533626,417.167598679,406.686311185,Q,500,4000,0,0.928666666666667,1.06447810297403,0.607103448275862,3
conjugate_linear_model,2000,0,0.97795581817627,0,0,0,0,0,Q,2,2000,0,0.00533333333333333,0.00410367796197483,0.0517241379310345,1
conjugate_linear_model,2000,0,0.465186834335327,0,0,0,0,0,Q,2,2000,0,0.0183333333333333,0.00983849572714883,0.206896551724138,2
conjugate_linear_model,2000,0,0.530338525772095,0,0,0,0,0,Q,2,2000,0,0.00733333333333333,0.00617439988690876,0.137931034482759,3
conjugate_linear_model,2000,0,0.557053089141846,0,0,0,0,0,Q,4,2000,0,0.061,0.0238142595111948,0.344827586206897,1
conjugate_linear_model,2000,0,0.595934152603149,0,0,0,0,0,Q,4,2000,0,0.06,0.0281031838264562,0.293103448275862,2
conjugate_linear_model,2000,0,0.499108791351318,0,0,0,0,0,Q,4,2000,0,0.091,0.0575515754855122,0.482758620689655,3
conjugate_linear_model,2000,0,0.687106370925903,0,0,0,0,0,Q,10,2000,0,0.309,0.210365735947842,0.603448275862069,1
conjugate_linear_model,2000,0,0.644036293029785,0,0,0,0,0,Q,10,2000,0,0.286333333333333,0.174645469566361,0.610344827586207,2
conjugate_linear_model,2000,0,1.05773591995239,0,0,0,0,0,Q,10,2000,0,0.297333333333333,0.261978883812722,0.668965517241379,3
conjugate_linear_model,2000,0,0.652116775512695,0,0,0,0,0,Q,20,2000,0,0.544666666666667,0.520030582197074,0.706896551724138,1
conjugate_linear_model,2000,0,0.776401042938232,0,0,0,0,0,Q,20,2000,0,0.538666666666667,0.457966788224018,0.694827586206897,2
conjugate_linear_model,2000,0,0.675597190856934,0,0,0,0,0,Q,20,2000,0,0.503,0.433220085058059,0.655172413793103,3
conjugate_linear_model,2000,0,1.10767292976379,0,0,0,0,0,Q,50,2000,0,0.761,0.767243604965414,0.738620689655172,1
conjugate_linear_model,2000,0,1.23410797119141,0,0,0,0,0,Q,50,2000,0,0.736333333333333,0.691923115426609,0.691724137931034,2
conjugate_linear_model,2000,0,1.04367613792419,0,0,0,0,0,Q,50,2000,0,0.735,0.738398386213803,0.715862068965517,3
conjugate_linear_model,2000,0,1.0855278968811,0,0,0,0,0,Q,75,2000,0,0.816333333333333,0.845258123234115,0.735632183908046,1
conjugate_linear_model,2000,0,1.31202268600464,0,0,0,0,0,Q,75,2000,0,0.820333333333333,0.845836360622079,0.746666666666667,2
conjugate_linear_model,2000,0,0.993441581726074,0,0,0,0,0,Q,75,2000,0,0.817333333333333,0.842511190384372,0.738390804597701,3
conjugate_linear_model,2000,0,1.12878513336182,0,0,0,0,0,Q,100,2000,0,0.835,0.9097302151073,0.76,1
conjugate_linear_model,2000,0,1.61601901054382,0,0,0,0,0,Q,100,2000,0,0.854666666666667,0.962273299888784,0.767586206896552,2
conjugate_linear_model,2000,0,1.03718161582947,0,0,0,0,0,Q,100,2000,0,0.852666666666667,0.964780317550596,0.755862068965517,3
conjugate_linear_model,2000,0,36.4775054454803,0,0,0,0,0,Q,250,2000,0,0.915333333333333,1.0117667770542,0.810620689655172,1
conjugate_linear_model,2000,0,28.5219600200653,0,0,0,0,0,Q,250,2000,0,0.905333333333333,0.982226808324875,0.794896551724138,2
conjugate_linear_model,2000,0,99.7095685005188,0,0,0,0,0,Q,250,2000,0,0.896666666666667,0.971097060475878,0.789931034482759,3
conjugate_linear_model,2000,0,122.932554006577,0,0,0,0,0,Q,500,2000,0,0.932666666666667,0.997802111477964,0.819379310344828,1
conjugate_linear_model,2000,0,66.5084874629974,0,0,0,0,0,Q,500,2000,0,0.937,0.997346072412938,0.831655172413793,2
conjugate_linear_model,2000,0,88.1069331169128,0,0,0,0,0,Q,500,2000,0,0.928666666666667,1.01292224734988,0.818,3
