model,ESS,burnin_runtime,sample_runtime,N,D,Q,total_iter,burnin_iter,percent_zero,lambda_MSE,percent_outside_95CI,random_seed
stan_uncollapsed,2000,6.03,4.41,100,3,5,4000,2000,0,0.00397161570853968,0.1,1
stan_uncollapsed,2000,4.95,1.83,100,3,5,4000,2000,0.01,0.00501556935290725,0,2
stan_uncollapsed,2000,11.91,9.14,100,3,5,4000,2000,0,0.00582047346452979,0,3
stan_uncollapsed,2000,8.6,5.43,100,5,5,4000,2000,0.008,0.00234989553414212,0,1
stan_uncollapsed,1959.51504389832,8.04,5.24,100,5,5,4000,2000,0.022,0.00574066771684145,0.05,2
stan_uncollapsed,2000,14.03,12.5,100,5,5,4000,2000,0.02,0.00228160884156434,0,3
stan_uncollapsed,1294.72426472507,38.13,49.11,100,10,5,4000,2000,0.023,0.00419512865048762,0,1
stan_uncollapsed,1947.63199215635,30.71,26.71,100,10,5,4000,2000,0.031,0.00347621403866423,0,2
stan_uncollapsed,2000,40.7,39.46,100,10,5,4000,2000,0.026,0.0039507665906905,0,3
stan_uncollapsed,418.743808524923,356.36,162.75,100,25,5,4000,2000,0.1296,0.00879232697730624,0.075,1
stan_uncollapsed,607.784491215922,303.57,156.44,100,25,5,4000,2000,0.094,0.00584179652906602,0.0416666666666667,2
stan_uncollapsed,631.054412552278,298.15,235.99,100,25,5,4000,2000,0.1116,0.00619706716899225,0.05,3
stan_uncollapsed,115.529443432399,2801.58,1685.03,100,50,5,4000,2000,0.1444,0.00834062453416319,0.0653061224489796,1
stan_uncollapsed,136.147072622922,2400.23,1559.96,100,50,5,4000,2000,0.1314,0.00668298655441413,0.0489795918367347,2
stan_uncollapsed,60.0206690428621,3352.8,2221.55,100,50,5,4000,2000,0.133,0.00749760149753668,0.036734693877551,3
stan_uncollapsed,109.804369667431,16765.2,21260.7,100,75,5,4000,2000,0.2012,0.00993874579964908,0.0243243243243243,1
stan_uncollapsed,83.5081263041566,15700,18293.2,100,75,5,4000,2000,0.189333333333333,0.00916307999403118,0.0513513513513514,2
stan_uncollapsed,74.9305821858209,14081.2,9039.75,100,75,5,4000,2000,0.1644,0.0112240519681875,0.110810810810811,3
stan_uncollapsed,17.917274329048,48297.5,49217.6,100,100,5,4000,2000,0.2258,0.0136016143985175,0.0282828282828283,1
stan_uncollapsed,21.6903491400719,41769,45539.9,100,100,5,4000,2000,0.2108,0.0120410775839708,0.0202020202020202,2
stan_uncollapsed,23.9458124332801,40277.8,40467.2,100,100,5,4000,2000,0.19,0.0134352293109671,0.109090909090909,3
stan_collapsed,1942.05056156026,51.77,37.8,100,3,5,4000,2000,0,0.00395965358726549,0.1,1
stan_collapsed,1980.41368398342,64.91,23.36,100,3,5,4000,2000,0.01,0.00501173048246009,0,2
stan_collapsed,1976.5317062926,111.24,83.93,100,3,5,4000,2000,0,0.00573526614297756,0,3
stan_collapsed,1940.21125124398,70.59,45,100,5,5,4000,2000,0.008,0.00232953076095887,0,1
stan_collapsed,1980.23787254455,60.51,46.33,100,5,5,4000,2000,0.022,0.00574707751412437,0.05,2
stan_collapsed,1991.50498101829,140.28,108.24,100,5,5,4000,2000,0.02,0.00228808914070636,0,3
stan_collapsed,1549.26584637037,154.41,190.48,100,10,5,4000,2000,0.023,0.00415229764825125,0,1
stan_collapsed,1947.56471156246,122.37,119.36,100,10,5,4000,2000,0.031,0.00349380628190329,0,2
stan_collapsed,1913.52794061396,151.74,161.28,100,10,5,4000,2000,0.026,0.00385101493589085,0.0222222222222222,3
stan_collapsed,469.81116730971,266.82,228.07,100,25,5,4000,2000,0.1296,0.0085805546902068,0.0833333333333333,1
stan_collapsed,486.214730957934,196.2,111.41,100,25,5,4000,2000,0.094,0.00578950238017527,0.075,2
stan_collapsed,268.591686650605,257.57,204.39,100,25,5,4000,2000,0.1116,0.00587341681771791,0.0333333333333333,3
stan_collapsed,184.166755577847,506.65,635.58,100,50,5,4000,2000,0.1444,0.00865890505509824,0.0857142857142857,1
stan_collapsed,123.882102567295,540.75,419.06,100,50,5,4000,2000,0.1314,0.00669260762833201,0.073469387755102,2
stan_collapsed,155.687651343053,546.17,598.38,100,50,5,4000,2000,0.133,0.00768473560697725,0.0612244897959184,3
stan_collapsed,132.354697191507,1300.32,1521.7,100,75,5,4000,2000,0.2012,0.00982686870340072,0.0594594594594595,1
stan_collapsed,68.2394181402636,1345.27,1284.79,100,75,5,4000,2000,0.189333333333333,0.0102568503713646,0.137837837837838,2
stan_collapsed,61.1585612722332,1370.2,1146.79,100,75,5,4000,2000,0.1644,0.0142389649075111,0.235135135135135,3
stan_collapsed,103.324018815779,2423.5,1906.3,100,100,5,4000,2000,0.2258,0.0148498245868086,0.125252525252525,1
stan_collapsed,96.9179888576161,2407.02,2051.74,100,100,5,4000,2000,0.2108,0.00923026525215138,0.0686868686868687,2
stan_collapsed,84.4453982955464,2603.53,2230.77,100,100,5,4000,2000,0.19,0.0138785751796219,0.216161616161616,3
stan_collapsed,46.1876916967994,11056.5,10607.9,100,250,5,4000,2000,0.32712,0.0185372155838965,0.0947791164658635,1
stan_collapsed,44.6612045717971,12664.7,14421.1,100,250,5,4000,2000,0.33716,0.0186606971730457,0.120481927710843,2
stan_collapsed,43.5286840196863,10838.1,10694.2,100,250,5,4000,2000,0.30132,0.0160266398849287,0.127710843373494,3
stan_collapsed,10.6863335058869,32599,33410.9,100,500,5,4000,2000,0.42768,0.057214636996624,0.267334669338677,1
stan_collapsed,12.9625798295165,36494.7,37896.4,100,500,5,4000,2000,0.43942,0.0400303833097831,0.214829659318637,2
stan_collapsed,8.07323839523638,32336.2,33641,100,500,5,4000,2000,0.4043,0.0470577354821308,0.241683366733467,3
mongrel_eigen,4000,0,0.73540210723877,100,3,5,4000,0,0,0.00381204853003626,0.1,1
mongrel_eigen,4000,0,0.737733602523804,100,3,5,4000,0,0.01,0.00549710668756043,0,2
mongrel_eigen,4000,0,0.635171413421631,100,3,5,4000,0,0,0.0059931653221888,0,3
mongrel_eigen,4000,0,1.95906162261963,100,5,5,4000,0,0.008,0.0024860362597978,0,1
mongrel_eigen,4000,0,1.74049067497253,100,5,5,4000,0,0.022,0.00537905019452586,0.05,2
mongrel_eigen,4000,0,2.12938547134399,100,5,5,4000,0,0.02,0.00222400519529108,0,3
mongrel_eigen,4000,0,5.02340078353882,100,10,5,4000,0,0.023,0.00447076918421224,0.0222222222222222,1
mongrel_eigen,4000,0,2.92578196525574,100,10,5,4000,0,0.031,0.00387883051788091,0.0444444444444444,2
mongrel_eigen,4000,0,6.20226907730103,100,10,5,4000,0,0.026,0.00384084064420003,0.0222222222222222,3
mongrel_eigen,4000,0,35.4348440170288,100,25,5,4000,0,0.1296,0.00996875521927872,0.15,1
mongrel_eigen,4000,0,76.011962890625,100,25,5,4000,0,0.094,0.00689574632684375,0.125,2
mongrel_eigen,4000,0,29.8181953430176,100,25,5,4000,0,0.1116,0.00621811464370671,0.0916666666666667,3
mongrel_eigen,4000,0,477.865103006363,100,50,5,4000,0,0.1444,0.00970035745040671,0.142857142857143,1
mongrel_eigen,4000,0,347.882622718811,100,50,5,4000,0,0.1314,0.00807643801911855,0.175510204081633,2
mongrel_eigen,4000,0,282.498245000839,100,50,5,4000,0,0.133,0.0101216222141561,0.163265306122449,3
mongrel_eigen,4000,0,967.618765592575,100,75,5,4000,0,0.2012,0.0104537768085615,0.0918918918918919,1
mongrel_eigen,4000,0,1215.82190465927,100,75,5,4000,0,0.189333333333333,0.0128318997420468,0.197297297297297,2
mongrel_eigen,4000,0,952.142263412476,100,75,5,4000,0,0.1644,0.0192956597919234,0.42972972972973,3
mongrel_eigen,4000,0,2464.22408390045,100,100,5,4000,0,0.2258,0.0174175135358488,0.21010101010101,1
mongrel_eigen,4000,0,2338.27391386032,100,100,5,4000,0,0.2108,0.0102582061950417,0.111111111111111,2
mongrel_eigen,4000,0,2225.85220551491,100,100,5,4000,0,0.19,0.016410470566989,0.317171717171717,3
mongrel_eigen,4000,0,39197.1525661945,100,250,5,4000,0,0.32712,0.022345898866783,0.16144578313253,1
mongrel_eigen,4000,0,38296.3434491158,100,250,5,4000,0,0.33716,0.0206409783339175,0.152610441767068,2
mongrel_eigen,4000,0,40518.7196576595,100,250,5,4000,0,0.30132,0.0190350909412771,0.177510040160643,3
mongrel_cholesky,4000,0,0.428709745407104,100,3,5,4000,0,0,0.00381224092595169,0.1,1
mongrel_cholesky,4000,0,0.42108678817749,100,3,5,4000,0,0.01,0.00548475282660335,0.1,2
mongrel_cholesky,4000,0,0.559497356414795,100,3,5,4000,0,0,0.00598781635120659,0,3
mongrel_cholesky,4000,0,0.97089409828186,100,5,5,4000,0,0.008,0.00247932948978673,0,1
mongrel_cholesky,4000,0,1.69901847839355,100,5,5,4000,0,0.022,0.00537861404844494,0.05,2
mongrel_cholesky,4000,0,0.912109851837158,100,5,5,4000,0,0.02,0.00222990981010243,0,3
mongrel_cholesky,4000,0,3.3280017375946,100,10,5,4000,0,0.023,0.00446365146499724,0.0222222222222222,1
mongrel_cholesky,4000,0,1.97607851028442,100,10,5,4000,0,0.031,0.00387079228894268,0.0444444444444444,2
mongrel_cholesky,4000,0,3.52798700332642,100,10,5,4000,0,0.026,0.00383814351095108,0.0222222222222222,3
mongrel_cholesky,4000,0,6.16885137557983,100,25,5,4000,0,0.1296,0.00996563301012626,0.15,1
mongrel_cholesky,4000,0,15.0202612876892,100,25,5,4000,0,0.094,0.00686233282576098,0.125,2
mongrel_cholesky,4000,0,12.5904495716095,100,25,5,4000,0,0.1116,0.00620222973137732,0.0833333333333333,3
mongrel_cholesky,4000,0,25.1774914264679,100,50,5,4000,0,0.1444,0.00964571193517714,0.142857142857143,1
mongrel_cholesky,4000,0,167.362144947052,100,50,5,4000,0,0.1314,0.00805148343557222,0.175510204081633,2
mongrel_cholesky,4000,0,25.1492555141449,100,50,5,4000,0,0.133,0.0100369213379422,0.16734693877551,3
mongrel_cholesky,4000,0,356.500217199326,100,75,5,4000,0,0.2012,0.0104961876281128,0.0918918918918919,1
mongrel_cholesky,4000,0,52.7535605430603,100,75,5,4000,0,0.189333333333333,0.0128416354821788,0.205405405405405,2
mongrel_cholesky,4000,0,333.156680583954,100,75,5,4000,0,0.1644,0.019331927162609,0.42972972972973,3
mongrel_cholesky,4000,0,104.331058263779,100,100,5,4000,0,0.2258,0.0175197035682006,0.202020202020202,1
mongrel_cholesky,4000,0,121.328835248947,100,100,5,4000,0,0.2108,0.0102202342060532,0.109090909090909,2
mongrel_cholesky,4000,0,107.616585016251,100,100,5,4000,0,0.19,0.0165506841842335,0.315151515151515,3
mongrel_cholesky,4000,0,1794.18871235847,100,250,5,4000,0,0.32712,0.0223172428181301,0.159036144578313,1
mongrel_cholesky,4000,0,2975.41956663132,100,250,5,4000,0,0.33716,0.0206372679133278,0.147791164658635,2
mongrel_cholesky,4000,0,3600.78600358963,100,250,5,4000,0,0.30132,0.0190193618008251,0.178313253012048,3
mongrel_cholesky,4000,0,8557.26705980301,100,500,5,4000,0,0.42768,0.075643451452136,0.363527054108216,1
mongrel_cholesky,4000,0,8348.25029015541,100,500,5,4000,0,0.43942,0.0387113428256631,0.220440881763527,2
mongrel_cholesky,4000,0,8365.60644817352,100,500,5,4000,0,0.4043,0.0429312264029311,0.272945891783567,3
