model,ESS,burnin_runtime,sample_runtime,Timer_HessianCalculation,Timer_LaplaceApproximation,Timer_Optimization,Timer_Overall,Timer_Uncollapse_Overall.Overall,sweep_param,sweep_value,total_iter,burnin_iter,percent_zero,lambda_RMSE,percent_outside_95CI,random_seed
stan_uncollapsed,945.247328987417,357.5,281.1,0,0,0,0,0,N,3,2000,1000,0.0444444444444444,0.77774426120247,0.275862068965517,1
stan_uncollapsed,630.090668395343,418.57,307.31,0,0,0,0,0,N,3,2000,1000,0.166666666666667,0.943851517812727,0.36551724137931,2
stan_uncollapsed,1111.37759615612,419.01,369.02,0,0,0,0,0,N,3,2000,1000,0.0444444444444444,0.730983720964714,0.227586206896552,3
stan_uncollapsed,979.283815817322,366.77,275.58,0,0,0,0,0,N,5,2000,1000,0.0333333333333333,0.643623174772772,0.206896551724138,1
stan_uncollapsed,729.44719993614,454.23,396.46,0,0,0,0,0,N,5,2000,1000,0.186666666666667,0.83282064675486,0.358620689655172,2
stan_uncollapsed,860.803571258643,390.41,322.18,0,0,0,0,0,N,5,2000,1000,0.0533333333333333,0.681540430489712,0.2,3
stan_uncollapsed,1179.03250352967,345.48,307.27,0,0,0,0,0,N,10,2000,1000,0.0333333333333333,0.371299672151454,0.096551724137931,1
stan_uncollapsed,1512.75598087836,516.58,472.42,0,0,0,0,0,N,10,2000,1000,0.22,0.440549439710172,0.096551724137931,2
stan_uncollapsed,971.252361718077,325.6,246.58,0,0,0,0,0,N,10,2000,1000,0.0433333333333333,0.543860932818562,0.310344827586207,3
stan_uncollapsed,1204.40823750072,340.38,247.16,0,0,0,0,0,N,20,2000,1000,0.07,0.203498812006155,0.0275862068965517,1
stan_uncollapsed,1069.48642504788,364.52,241.44,0,0,0,0,0,N,20,2000,1000,0.16,0.224039259139413,0.0758620689655172,2
stan_uncollapsed,1098.24384098876,318.13,268.39,0,0,0,0,0,N,20,2000,1000,0.0566666666666667,0.222126706576623,0.0206896551724138,3
stan_uncollapsed,640.71060758841,310.16,148.24,0,0,0,0,0,N,30,2000,1000,0.0644444444444444,0.163923528463031,0.0551724137931034,1
stan_uncollapsed,842.487083676834,419.81,272.15,0,0,0,0,0,N,30,2000,1000,0.14,0.167157451625841,0.0551724137931034,2
stan_uncollapsed,912.353499829624,308.49,205.12,0,0,0,0,0,N,30,2000,1000,0.0577777777777778,0.170749044132228,0.0275862068965517,3
stan_uncollapsed,335.741161637805,364.07,280.21,0,0,0,0,0,N,50,2000,1000,0.0886666666666667,0.131325084856241,0.0689655172413793,1
stan_uncollapsed,645.649970162285,446.27,342.06,0,0,0,0,0,N,50,2000,1000,0.144,0.122011699552346,0.0620689655172414,2
stan_uncollapsed,495.938191381038,414.27,323.12,0,0,0,0,0,N,50,2000,1000,0.120666666666667,0.133275056601713,0.0551724137931034,3
stan_uncollapsed,219.851387141645,466.69,220.95,0,0,0,0,0,N,100,2000,1000,0.114,0.0859587686841225,0.0896551724137931,1
stan_uncollapsed,313.067670134002,409.35,175.69,0,0,0,0,0,N,100,2000,1000,0.112333333333333,0.0759794908801974,0.0482758620689655,2
stan_uncollapsed,204.133789995687,617.83,444.98,0,0,0,0,0,N,100,2000,1000,0.143333333333333,0.0929772143338105,0.103448275862069,3
stan_uncollapsed,213.616413579673,1081.62,527.69,0,0,0,0,0,N,250,2000,1000,0.107333333333333,0.0460469617854685,0.0896551724137931,1
stan_uncollapsed,257.178404482813,1061.45,651.97,0,0,0,0,0,N,250,2000,1000,0.0652,0.0415448978896444,0.0551724137931034,2
stan_uncollapsed,205.987111812804,1183.76,460.35,0,0,0,0,0,N,250,2000,1000,0.122266666666667,0.0513262880394435,0.0413793103448276,3
stan_uncollapsed,153.835928273945,2992.28,1133.19,0,0,0,0,0,N,500,2000,1000,0.157,0.0342532197351746,0.0482758620689655,1
stan_uncollapsed,181.29966320544,2562.26,1947.14,0,0,0,0,0,N,500,2000,1000,0.159866666666667,0.0453240606887376,0.124137931034483,2
stan_uncollapsed,96.4686664973349,2658.63,1087.66,0,0,0,0,0,N,500,2000,1000,0.124066666666667,0.0339225911932653,0.0413793103448276,3
stan_uncollapsed,100.207694287887,4474.36,3222.16,0,0,0,0,0,N,750,2000,1000,0.149511111111111,0.029687775768902,0.0551724137931034,1
stan_uncollapsed,140.991495417255,3967.65,1610.08,0,0,0,0,0,N,750,2000,1000,0.0973333333333333,0.0236928316274515,0.00689655172413793,2
stan_uncollapsed,314.76431183278,4274.93,2057.69,0,0,0,0,0,N,750,2000,1000,0.0747555555555556,0.0233644227516943,0.0413793103448276,3
stan_uncollapsed,99.5611393116051,7753.94,4433.66,0,0,0,0,0,N,1000,2000,1000,0.117166666666667,0.0220143973319761,0.0206896551724138,1
stan_uncollapsed,161.101521570926,8265.11,3348.71,0,0,0,0,0,N,1000,2000,1000,0.1126,0.0240347755126015,0.0413793103448276,2
stan_uncollapsed,161.995644232878,8251.9,3463.05,0,0,0,0,0,N,1000,2000,1000,0.1003,0.0242459431848601,0.0689655172413793,3
stan_collapsed,1851.25552185034,0.99,0.83,0,0,0,0,0,N,3,2000,1000,0.0444444444444444,0.783349518906284,0.317241379310345,1
stan_collapsed,1882.64359808815,1.65,1.36,0,0,0,0,0,N,3,2000,1000,0.166666666666667,0.945622240104137,0.427586206896552,2
stan_collapsed,1922.22142594825,1.16,0.99,0,0,0,0,0,N,3,2000,1000,0.0444444444444444,0.723267323360092,0.241379310344828,3
stan_collapsed,1909.30196418645,1.91,1.26,0,0,0,0,0,N,5,2000,1000,0.0333333333333333,0.651457064843997,0.255172413793103,1
stan_collapsed,1874.65990853817,3.37,2.54,0,0,0,0,0,N,5,2000,1000,0.186666666666667,0.833086308128363,0.393103448275862,2
stan_collapsed,1920.97330784431,1.93,1.41,0,0,0,0,0,N,5,2000,1000,0.0533333333333333,0.689508996462769,0.23448275862069,3
stan_collapsed,1423.58715725975,4.64,5.25,0,0,0,0,0,N,10,2000,1000,0.0333333333333333,0.378237140770866,0.137931034482759,1
stan_collapsed,1566.2203620318,9.39,8.39,0,0,0,0,0,N,10,2000,1000,0.22,0.452397796615404,0.193103448275862,2
stan_collapsed,1778.33723750029,5.21,4.59,0,0,0,0,0,N,10,2000,1000,0.0433333333333333,0.547666992809434,0.310344827586207,3
stan_collapsed,1173.75024207088,16.1,12.51,0,0,0,0,0,N,20,2000,1000,0.07,0.20084902023541,0.0275862068965517,1
stan_collapsed,887.223876475327,19.98,18.88,0,0,0,0,0,N,20,2000,1000,0.16,0.226808119203466,0.124137931034483,2
stan_collapsed,1255.56368207389,13.22,12.6,0,0,0,0,0,N,20,2000,1000,0.0566666666666667,0.224094306791633,0.0482758620689655,3
stan_collapsed,1018.16548983878,23.27,15.52,0,0,0,0,0,N,30,2000,1000,0.0644444444444444,0.164301898572889,0.0620689655172414,1
stan_collapsed,850.817609901969,38.34,34.34,0,0,0,0,0,N,30,2000,1000,0.14,0.166804091173835,0.0689655172413793,2
stan_collapsed,882.597199877499,25.67,16.59,0,0,0,0,0,N,30,2000,1000,0.0577777777777778,0.172651908207419,0.0482758620689655,3
stan_collapsed,298.264571363334,67.16,54.41,0,0,0,0,0,N,50,2000,1000,0.0886666666666667,0.130702689652375,0.0896551724137931,1
stan_collapsed,601.728637841956,84.21,86.42,0,0,0,0,0,N,50,2000,1000,0.144,0.124723372058579,0.103448275862069,2
stan_collapsed,568.666096807674,83.58,75.51,0,0,0,0,0,N,50,2000,1000,0.120666666666667,0.130298673229279,0.0689655172413793,3
stan_collapsed,497.242536842705,230.67,237.21,0,0,0,0,0,N,100,2000,1000,0.114,0.0879192111471767,0.117241379310345,1
stan_collapsed,554.457553905238,261.98,256.74,0,0,0,0,0,N,100,2000,1000,0.112333333333333,0.0752386417230368,0.0689655172413793,2
stan_collapsed,291.289343011191,265.2,227.61,0,0,0,0,0,N,100,2000,1000,0.143333333333333,0.0924407957087715,0.124137931034483,3
stan_collapsed,362.651828489181,2750.6,2316.58,0,0,0,0,0,N,250,2000,1000,0.107333333333333,0.0455085516902653,0.0758620689655172,1
stan_collapsed,400.569276842148,2508.4,2870.02,0,0,0,0,0,N,250,2000,1000,0.0652,0.0412943065263803,0.0620689655172414,2
stan_collapsed,438.540204447957,2923.81,2408,0,0,0,0,0,N,250,2000,1000,0.122266666666667,0.0503226194125362,0.0620689655172414,3
stan_collapsed,209.255337407168,20635.6,15539.5,0,0,0,0,0,N,500,2000,1000,0.157,0.0341306849441945,0.0482758620689655,1
stan_collapsed,123.653130860649,23699.6,18152.3,0,0,0,0,0,N,500,2000,1000,0.159866666666667,0.0448132616922004,0.131034482758621,2
stan_collapsed,179.133992860172,21348.3,15366.4,0,0,0,0,0,N,500,2000,1000,0.124066666666667,0.0336302747574719,0.0413793103448276,3
stan_collapsed,108.629035074803,73946,45788.1,0,0,0,0,0,N,750,2000,1000,0.149511111111111,0.0293317100443036,0.0758620689655172,1
stan_collapsed,212.655234968861,62618.9,45968.8,0,0,0,0,0,N,750,2000,1000,0.0973333333333333,0.0229295812794225,0.00689655172413793,2
stan_collapsed,395.844747591333,54733.2,49633.5,0,0,0,0,0,N,750,2000,1000,0.0747555555555556,0.0234713197249998,0.0551724137931034,3
mongrel_cholesky,4000,0,1.12836503982544,0.000297368,0.043952332,0.010677185,0.837491976,0.780183453,N,3,4000,0,0.0444444444444444,0.784201949349777,0.324137931034483,1
mongrel_cholesky,4000,0,1.191410779953,0.000338866,0.040072215,0.012902618,0.910704532,0.840836481,N,3,4000,0,0.166666666666667,0.942391614075068,0.448275862068966,2
mongrel_cholesky,4000,0,0.99711799621582,0.000227455,0.038190643,0.012070369,0.745697442,0.688436545,N,3,4000,0,0.0444444444444444,0.72168150953963,0.262068965517241,3
mongrel_cholesky,4000,0,1.05439829826355,0.001138673,0.126284548,0.013431804,0.80662474,0.478928539,N,5,4000,0,0.0333333333333333,0.652011328079227,0.255172413793103,1
mongrel_cholesky,4000,0,1.19139313697815,0.000467159,0.164929609,0.01449309,0.902096489,0.506210754,N,5,4000,0,0.186666666666667,0.83696407501238,0.406896551724138,2
mongrel_cholesky,4000,0,0.989168167114258,0.000587594,0.070289241,0.011727754,0.740811313,0.476888187,N,5,4000,0,0.0533333333333333,0.69421937829226,0.255172413793103,3
mongrel_cholesky,4000,0,1.1053147315979,0.002517992,0.09342266,0.019582311,0.830839653,0.502868139,N,10,4000,0,0.0333333333333333,0.381547645585003,0.16551724137931,1
mongrel_cholesky,4000,0,1.17165303230286,0.002589427,0.138160628,0.021106205,0.887523624,0.514821327,N,10,4000,0,0.22,0.462784805609849,0.268965517241379,2
mongrel_cholesky,4000,0,1.27592253684998,0.002199922,0.102485084,0.03127353,0.936458347,0.559178797,N,10,4000,0,0.0433333333333333,0.551113046861909,0.324137931034483,3
mongrel_cholesky,4000,0,1.54869890213013,0.009682865,0.153038288,0.077235196,1.040989773,0.551995627,N,20,4000,0,0.07,0.19988381663468,0.0275862068965517,1
mongrel_cholesky,4000,0,1.39688110351562,0.011369689,0.132863711,0.038898084,0.894313847,0.511840552,N,20,4000,0,0.16,0.227930122635214,0.137931034482759,2
mongrel_cholesky,4000,0,1.6233127117157,0.011584644,0.155240894,0.027980409,1.019982018,0.572301961,N,20,4000,0,0.0566666666666667,0.228815231322956,0.0620689655172414,3
mongrel_cholesky,4000,0,1.80271649360657,0.01474462,0.230601998,0.022350781,1.281720406,0.560813348,N,30,4000,0,0.0644444444444444,0.165987111194216,0.0689655172413793,1
mongrel_cholesky,4000,0,1.51121664047241,0.014591494,0.169069342,0.031559261,1.075484899,0.491575514,N,30,4000,0,0.14,0.16948130288415,0.124137931034483,2
mongrel_cholesky,4000,0,1.56727576255798,0.013834407,0.175891698,0.015192923,1.103786879,0.506842096,N,30,4000,0,0.0577777777777778,0.175851861651993,0.0620689655172414,3
mongrel_cholesky,4000,0,1.78742074966431,0.037810503,0.317704049,0.052368952,1.447758495,0.584920733,N,50,4000,0,0.0886666666666667,0.13349479201679,0.110344827586207,1
mongrel_cholesky,4000,0,1.77290868759155,0.038228488,0.30472884,0.061622526,1.434160224,0.592921338,N,50,4000,0,0.144,0.132532905380554,0.158620689655172,2
mongrel_cholesky,4000,0,1.49504780769348,0.0377242,0.248806325,0.049771514,1.234761798,0.518155572,N,50,4000,0,0.120666666666667,0.133643463880107,0.103448275862069,3
mongrel_cholesky,4000,0,2.29202318191528,0.302270126,0.634429578,0.118118832,1.979038241,0.458834123,N,100,4000,0,0.114,0.0935487727126959,0.16551724137931,1
mongrel_cholesky,4000,0,2.14434313774109,0.305966545,0.551230317,0.132910166,1.876692764,0.457963437,N,100,4000,0,0.112333333333333,0.0768708517022829,0.0827586206896552,2
mongrel_cholesky,4000,0,2.14006447792053,0.282495759,0.567832996,0.166383411,1.870714006,0.451833363,N,100,4000,0,0.143333333333333,0.100015803213865,0.213793103448276,3
mongrel_cholesky,4000,0,6.41034960746765,2.299902062,1.88003568,0.619507931,6.048745718,0.617980225,N,250,4000,0,0.107333333333333,0.0477759877052443,0.117241379310345,1
mongrel_cholesky,4000,0,6.47143530845642,2.412358511,1.814310278,0.613244523,6.119682653,0.628703704,N,250,4000,0,0.0652,0.043789474145694,0.110344827586207,2
mongrel_cholesky,4000,0,6.8844587802887,2.398972787,2.114887141,0.681024271,6.508685797,0.611087429,N,250,4000,0,0.122266666666667,0.0517879000872948,0.0827586206896552,3
mongrel_cholesky,4000,0,21.0838174819946,8.55483134,6.029988795,3.710108427,20.365802643,0.868451219,N,500,4000,0,0.157,0.0373957706421835,0.110344827586207,1
mongrel_cholesky,4000,0,22.0895969867706,9.294123798,6.093528548,3.783881052,21.343920295,0.894621363,N,500,4000,0,0.159866666666667,0.0543346929301266,0.393103448275862,2
mongrel_cholesky,4000,0,22.0397872924805,9.313333589,6.166339774,3.683283938,21.297473521,0.855565963,N,500,4000,0,0.124066666666667,0.0365532923157925,0.16551724137931,3
mongrel_cholesky,4000,0,50.6936936378479,22.823701004,13.727326114,9.56370126,49.367321363,1.133621839,N,750,4000,0,0.149511111111111,0.0404785656976959,0.358620689655172,1
mongrel_cholesky,4000,0,48.5918061733246,23.767858992,13.258098794,7.002446729,47.265360103,1.100404219,N,750,4000,0,0.0973333333333333,0.0295624743368228,0.172413793103448,2
mongrel_cholesky,4000,0,47.8425271511078,22.864036911,14.513106861,5.890037046,46.478141879,1.091482524,N,750,4000,0,0.0747555555555556,0.0275895704621319,0.213793103448276,3
mongrel_cholesky,4000,0,88.2350025177002,42.41203184,25.928189183,13.062245648,86.293358819,1.369959995,N,1000,4000,0,0.117166666666667,0.0302142601787788,0.296551724137931,1
mongrel_cholesky,4000,0,90.6191310882568,43.709581004,27.28232358,13.082104541,88.63716322,1.31588653,N,1000,4000,0,0.1126,0.0307336793582767,0.275862068965517,2
mongrel_cholesky,4000,0,85.5904769897461,41.063793473,24.673197741,13.576972103,83.728717046,1.315733928,N,1000,4000,0,0.1003,0.0285505920298532,0.23448275862069,3
conjugate_linear_model,2000,0,0.421475172042847,0,0,0,0,0,N,3,2000,0,0.0444444444444444,0.758158746188119,0.289655172413793,1
conjugate_linear_model,2000,0,0.319088697433472,0,0,0,0,0,N,3,2000,0,0.166666666666667,0.94855214824707,0.441379310344828,2
conjugate_linear_model,2000,0,0.28546667098999,0,0,0,0,0,N,3,2000,0,0.0444444444444444,0.708903618881237,0.268965517241379,3
conjugate_linear_model,2000,0,0.319465398788452,0,0,0,0,0,N,5,2000,0,0.0333333333333333,0.624155696400373,0.255172413793103,1
conjugate_linear_model,2000,0,0.314780473709106,0,0,0,0,0,N,5,2000,0,0.186666666666667,0.833308221932797,0.420689655172414,2
conjugate_linear_model,2000,0,0.316101551055908,0,0,0,0,0,N,5,2000,0,0.0533333333333333,0.668662913762827,0.220689655172414,3
conjugate_linear_model,2000,0,0.352561712265015,0,0,0,0,0,N,10,2000,0,0.0333333333333333,0.361680850284613,0.103448275862069,1
conjugate_linear_model,2000,0,0.314382553100586,0,0,0,0,0,N,10,2000,0,0.22,0.531350271344862,0.303448275862069,2
conjugate_linear_model,2000,0,0.320525169372559,0,0,0,0,0,N,10,2000,0,0.0433333333333333,0.567345513630863,0.317241379310345,3
conjugate_linear_model,2000,0,0.316063404083252,0,0,0,0,0,N,20,2000,0,0.07,0.344792871576214,0.23448275862069,1
conjugate_linear_model,2000,0,0.313270092010498,0,0,0,0,0,N,20,2000,0,0.16,0.392199573293983,0.448275862068966,2
conjugate_linear_model,2000,0,0.315091133117676,0,0,0,0,0,N,20,2000,0,0.0566666666666667,0.332283446278917,0.227586206896552,3
conjugate_linear_model,2000,0,0.320730686187744,0,0,0,0,0,N,30,2000,0,0.0644444444444444,0.263503603942362,0.193103448275862,1
conjugate_linear_model,2000,0,0.320993661880493,0,0,0,0,0,N,30,2000,0,0.14,0.350160714625359,0.455172413793103,2
conjugate_linear_model,2000,0,0.320414543151855,0,0,0,0,0,N,30,2000,0,0.0577777777777778,0.242218084081217,0.193103448275862,3
conjugate_linear_model,2000,0,0.320458650588989,0,0,0,0,0,N,50,2000,0,0.0886666666666667,0.276584832166972,0.43448275862069,1
conjugate_linear_model,2000,0,0.293166160583496,0,0,0,0,0,N,50,2000,0,0.144,0.304857038481173,0.475862068965517,2
conjugate_linear_model,2000,0,0.352608442306519,0,0,0,0,0,N,50,2000,0,0.120666666666667,0.259230654162709,0.372413793103448,3
conjugate_linear_model,2000,0,0.314962148666382,0,0,0,0,0,N,100,2000,0,0.114,0.279549324906618,0.544827586206897,1
conjugate_linear_model,2000,0,0.285919666290283,0,0,0,0,0,N,100,2000,0,0.112333333333333,0.23963368633716,0.489655172413793,2
conjugate_linear_model,2000,0,0.313287019729614,0,0,0,0,0,N,100,2000,0,0.143333333333333,0.312224695727562,0.510344827586207,3
conjugate_linear_model,2000,0,0.321335792541504,0,0,0,0,0,N,250,2000,0,0.107333333333333,0.216838716698353,0.620689655172414,1
conjugate_linear_model,2000,0,0.321258544921875,0,0,0,0,0,N,250,2000,0,0.0652,0.132057443062599,0.531034482758621,2
conjugate_linear_model,2000,0,0.322887659072876,0,0,0,0,0,N,250,2000,0,0.122266666666667,0.267032926767165,0.63448275862069,3
conjugate_linear_model,2000,0,0.320527076721191,0,0,0,0,0,N,500,2000,0,0.157,0.337580499152433,0.813793103448276,1
conjugate_linear_model,2000,0,0.315518617630005,0,0,0,0,0,N,500,2000,0,0.159866666666667,0.336568630407973,0.793103448275862,2
conjugate_linear_model,2000,0,0.321290731430054,0,0,0,0,0,N,500,2000,0,0.124066666666667,0.266419259082011,0.806896551724138,3
conjugate_linear_model,2000,0,0.314308166503906,0,0,0,0,0,N,750,2000,0,0.149511111111111,0.303120902867802,0.793103448275862,1
conjugate_linear_model,2000,0,0.314478635787964,0,0,0,0,0,N,750,2000,0,0.0973333333333333,0.190104760267053,0.813793103448276,2
conjugate_linear_model,2000,0,0.315508842468262,0,0,0,0,0,N,750,2000,0,0.0747555555555556,0.177827987207197,0.731034482758621,3
conjugate_linear_model,2000,0,0.313858985900879,0,0,0,0,0,N,1000,2000,0,0.117166666666667,0.225540963714563,0.83448275862069,1
conjugate_linear_model,2000,0,0.318239450454712,0,0,0,0,0,N,1000,2000,0,0.1126,0.219926803549707,0.76551724137931,2
conjugate_linear_model,2000,0,0.321680068969727,0,0,0,0,0,N,1000,2000,0,0.1003,0.214137938434951,0.827586206896552,3
stan_collapsed_variationalbayes_meanfield,2000,0,6.43690919876099,0,0,0,0,0,N,3,2000,1000,0.0444444444444444,0.778837047694762,0.310344827586207,1
stan_collapsed_variationalbayes_meanfield,2000,0,6.45044589042664,0,0,0,0,0,N,3,2000,1000,0.166666666666667,0.939060088135913,0.441379310344828,2
stan_collapsed_variationalbayes_meanfield,2000,0,6.35143733024597,0,0,0,0,0,N,3,2000,1000,0.0444444444444444,0.719087455301481,0.268965517241379,3
stan_collapsed_variationalbayes_meanfield,2000,0,6.71308994293213,0,0,0,0,0,N,5,2000,1000,0.0333333333333333,0.649261933559648,0.241379310344828,1
stan_collapsed_variationalbayes_meanfield,2000,0,7.10307049751282,0,0,0,0,0,N,5,2000,1000,0.186666666666667,0.82774308358863,0.413793103448276,2
stan_collapsed_variationalbayes_meanfield,2000,0,6.89960789680481,0,0,0,0,0,N,5,2000,1000,0.0533333333333333,0.687218475114683,0.241379310344828,3
stan_collapsed_variationalbayes_meanfield,2000,0,8.20977902412415,0,0,0,0,0,N,10,2000,1000,0.0333333333333333,0.369651830352482,0.172413793103448,1
stan_collapsed_variationalbayes_meanfield,2000,0,8.41364455223083,0,0,0,0,0,N,10,2000,1000,0.22,0.445583632551074,0.337931034482759,2
stan_collapsed_variationalbayes_meanfield,2000,0,8.22195672988892,0,0,0,0,0,N,10,2000,1000,0.0433333333333333,0.549554322093316,0.351724137931034,3
stan_collapsed_variationalbayes_meanfield,2000,0,11.1112387180328,0,0,0,0,0,N,20,2000,1000,0.07,0.216595338504336,0.172413793103448,1
stan_collapsed_variationalbayes_meanfield,2000,0,11.1278822422028,0,0,0,0,0,N,20,2000,1000,0.16,0.276770119929517,0.379310344827586,2
stan_collapsed_variationalbayes_meanfield,2000,0,11.1135411262512,0,0,0,0,0,N,20,2000,1000,0.0566666666666667,0.216122000966044,0.16551724137931,3
stan_collapsed_variationalbayes_meanfield,2000,0,13.7395009994507,0,0,0,0,0,N,30,2000,1000,0.0644444444444444,0.151962203752586,0.137931034482759,1
stan_collapsed_variationalbayes_meanfield,2000,0,15.752459526062,0,0,0,0,0,N,30,2000,1000,0.14,0.191849861480285,0.379310344827586,2
stan_collapsed_variationalbayes_meanfield,2000,0,13.5658075809479,0,0,0,0,0,N,30,2000,1000,0.0577777777777778,0.163843567590789,0.131034482758621,3
stan_collapsed_variationalbayes_meanfield,2000,0,19.7924447059631,0,0,0,0,0,N,50,2000,1000,0.0886666666666667,0.195625532478039,0.544827586206897,1
stan_collapsed_variationalbayes_meanfield,2000,0,19.5684945583344,0,0,0,0,0,N,50,2000,1000,0.144,0.110396406626719,0.268965517241379,2
stan_collapsed_variationalbayes_meanfield,2000,0,19.2482061386108,0,0,0,0,0,N,50,2000,1000,0.120666666666667,0.138555180109065,0.386206896551724,3
stan_collapsed_variationalbayes_meanfield,2000,0,37.4680178165436,0,0,0,0,0,N,100,2000,1000,0.114,0.0854247191392964,0.289655172413793,1
stan_collapsed_variationalbayes_meanfield,2000,0,34.9322285652161,0,0,0,0,0,N,100,2000,1000,0.112333333333333,0.119533679926211,0.427586206896552,2
stan_collapsed_variationalbayes_meanfield,2000,0,35.7891585826874,0,0,0,0,0,N,100,2000,1000,0.143333333333333,0.12455986805523,0.455172413793103,3
stan_collapsed_variationalbayes_meanfield,2000,0,126.190170526505,0,0,0,0,0,N,250,2000,1000,0.107333333333333,0.109046329793796,0.524137931034483,1
stan_collapsed_variationalbayes_meanfield,2000,0,129.274237155914,0,0,0,0,0,N,250,2000,1000,0.0652,0.0891389739927052,0.531034482758621,2
stan_collapsed_variationalbayes_meanfield,2000,0,130.315511465073,0,0,0,0,0,N,250,2000,1000,0.122266666666667,0.116000838489756,0.689655172413793,3
stan_collapsed_variationalbayes_meanfield,2000,0,685.212946414948,0,0,0,0,0,N,500,2000,1000,0.157,0.0924174081442872,0.337931034482759,1
stan_collapsed_variationalbayes_meanfield,2000,0,588.241945505142,0,0,0,0,0,N,500,2000,1000,0.159866666666667,0.12145771908402,0.668965517241379,2
stan_collapsed_variationalbayes_meanfield,2000,0,542.976315021515,0,0,0,0,0,N,500,2000,1000,0.124066666666667,0.116226740126229,0.544827586206897,3
stan_collapsed_variationalbayes_meanfield,2000,0,1467.39140939713,0,0,0,0,0,N,750,2000,1000,0.149511111111111,0.123291887957298,0.331034482758621,1
stan_collapsed_variationalbayes_meanfield,2000,0,1468.0490591526,0,0,0,0,0,N,750,2000,1000,0.0973333333333333,0.100067941906231,0.441379310344828,2
stan_collapsed_variationalbayes_meanfield,2000,0,1471.92766284943,0,0,0,0,0,N,750,2000,1000,0.0747555555555556,0.0752246355068403,0.462068965517241,3
stan_collapsed_variationalbayes_meanfield,2000,0,3162.49877905846,0,0,0,0,0,N,1000,2000,1000,0.117166666666667,0.0740071160749706,0.406896551724138,1
stan_collapsed_variationalbayes_meanfield,2000,0,3072.32942891121,0,0,0,0,0,N,1000,2000,1000,0.1126,0.0870392236373496,0.6,2
stan_collapsed_variationalbayes_meanfield,2000,0,3071.56057286263,0,0,0,0,0,N,1000,2000,1000,0.1003,0.086384406835325,0.551724137931034,3
mongrel_cholesky_MAP,1,0,0.256977319717407,0,0,0.011233855,0.012138269,0.000871295,N,3,1,0,0.0444444444444444,0.697929507909564,1,1
mongrel_cholesky_MAP,1,0,0.257631063461304,0,0,0.012411882,0.013188569,0.000749414,N,3,1,0,0.166666666666667,0.855364981140824,1,2
mongrel_cholesky_MAP,1,0,0.349911212921143,0,0,0.019769403,0.025161985,0.005303767,N,3,1,0,0.0444444444444444,0.6228947524951,1,3
mongrel_cholesky_MAP,1,0,0.25764536857605,0,0,0.01276791,0.013560471,0.000761943,N,5,1,0,0.0333333333333333,0.576959171866699,1,1
mongrel_cholesky_MAP,1,0,0.346893548965454,0,0,0.014948347,0.016088509,0.00110106,N,5,1,0,0.186666666666667,0.756106281538835,1,2
mongrel_cholesky_MAP,1,0,0.342716455459595,0,0,0.013179866,0.018868489,0.005646472,N,5,1,0,0.0533333333333333,0.601614664796593,1,3
mongrel_cholesky_MAP,1,0,0.261459112167358,0,0,0.017613607,0.018431543,0.000785203,N,10,1,0,0.0333333333333333,0.304385447344419,1,1
mongrel_cholesky_MAP,1,0,0.291638135910034,0,0,0.024046806,0.024610517,0.000528066,N,10,1,0,0.22,0.395183412629187,1,2
mongrel_cholesky_MAP,1,0,0.271378755569458,0,0,0.018750528,0.019645243,0.000864495,N,10,1,0,0.0433333333333333,0.490642675126022,1,3
mongrel_cholesky_MAP,1,0,0.278280258178711,0,0,0.028768788,0.029617505,0.000812673,N,20,1,0,0.07,0.139237381693245,1,1
mongrel_cholesky_MAP,1,0,0.357840061187744,0,0,0.044921037,0.045684907,0.000726762,N,20,1,0,0.16,0.180326032819909,1,2
mongrel_cholesky_MAP,1,0,0.279531717300415,0,0,0.027033159,0.027856332,0.000787214,N,20,1,0,0.0566666666666667,0.173701170244806,1,3
mongrel_cholesky_MAP,1,0,0.320122241973877,0,0,0.021871387,0.028084834,0.006175759,N,30,1,0,0.0644444444444444,0.124605585913005,1,1
mongrel_cholesky_MAP,1,0,0.302923440933228,0,0,0.031185751,0.037177645,0.005955174,N,30,1,0,0.14,0.133400384235812,1,2
mongrel_cholesky_MAP,1,0,0.286576986312866,0,0,0.015234839,0.02135689,0.006084645,N,30,1,0,0.0577777777777778,0.126885033766406,1,3
mongrel_cholesky_MAP,1,0,0.324982643127441,0,0,0.052579463,0.058395369,0.005771127,N,50,1,0,0.0886666666666667,0.105115755367087,1,1
mongrel_cholesky_MAP,1,0,0.361875772476196,0,0,0.061455926,0.067669789,0.006166355,N,50,1,0,0.144,0.1076315934661,1,2
mongrel_cholesky_MAP,1,0,0.331181526184082,0,0,0.049704543,0.055700761,0.005947513,N,50,1,0,0.120666666666667,0.102698938115995,1,3
mongrel_cholesky_MAP,1,0,0.4050133228302,0,0,0.118938039,0.17299217,0.053973265,N,100,1,0,0.114,0.077493118525772,1,1
mongrel_cholesky_MAP,1,0,0.466464519500732,0,0,0.132755337,0.152474351,0.019641577,N,100,1,0,0.112333333333333,0.0578721036187258,1,2
mongrel_cholesky_MAP,1,0,0.480916023254395,0,0,0.163853542,0.195102472,0.031172011,N,100,1,0,0.143333333333333,0.0843614702648097,1,3
mongrel_cholesky_MAP,1,0,0.922120809555054,0,0,0.623691332,0.659019501,0.034655653,N,250,1,0,0.107333333333333,0.0375343166049915,1,1
mongrel_cholesky_MAP,1,0,0.890882968902588,0,0,0.613398128,0.632790703,0.018739265,N,250,1,0,0.0652,0.0345280161249848,1,2
mongrel_cholesky_MAP,1,0,0.980220556259155,0,0,0.685141731,0.715960782,0.030182115,N,250,1,0,0.122266666666667,0.0395892533773328,1,3
mongrel_cholesky_MAP,1,0,4.12247633934021,0,0,3.717208917,3.740759571,0.020360678,N,500,1,0,0.157,0.0298929522026379,1,1
mongrel_cholesky_MAP,1,0,4.23440670967102,0,0,3.772005526,3.822275611,0.047064654,N,500,1,0,0.159866666666667,0.0485626363194451,1,2
mongrel_cholesky_MAP,1,0,4.1006395816803,0,0,3.68551935,3.71096723,0.022301472,N,500,1,0,0.124066666666667,0.0289109082691523,1,3
mongrel_cholesky_MAP,1,0,10.5088276863098,0,0,9.54138797,9.693953776,0.147537114,N,750,1,0,0.149511111111111,0.0360461814363967,1,1
mongrel_cholesky_MAP,1,0,7.89491081237793,0,0,7.010776894,7.055731417,0.039213635,N,750,1,0,0.0973333333333333,0.0241847140717393,1,2
mongrel_cholesky_MAP,1,0,6.72551393508911,0,0,5.872950858,5.902123131,0.023661568,N,750,1,0,0.0747555555555556,0.0232231107568085,1,3
mongrel_cholesky_MAP,1,0,14.4353625774384,0,0,13.090045277,13.115279345,0.016048159,N,1000,1,0,0.117166666666667,0.0266458441203924,1,1
mongrel_cholesky_MAP,1,0,17.5124092102051,0,0,15.998848434,16.064591982,0.057566183,N,1000,1,0,0.1126,0.0262790053482633,1,2
mongrel_cholesky_MAP,1,0,18.8699164390564,0,0,17.362455292,17.457094556,0.085618096,N,1000,1,0,0.1003,0.0242973121692237,1,3
stan_uncollapsed,2000,5.7,4.27,0,0,0,0,0,D,3,2000,1000,0,0.0630207561723888,0.1,1
stan_uncollapsed,2000,5.66,2.09,0,0,0,0,0,D,3,2000,1000,0.01,0.0708206844990025,0,2
stan_uncollapsed,2000,10.63,8.38,0,0,0,0,0,D,3,2000,1000,0,0.076292027529289,0,3
stan_uncollapsed,2000,9.4,5.76,0,0,0,0,0,D,5,2000,1000,0.008,0.0484757210791352,0,1
stan_uncollapsed,1959.51504389832,8.05,5.23,0,0,0,0,0,D,5,2000,1000,0.022,0.0757671941993463,0.05,2
stan_uncollapsed,2000,13.28,11.51,0,0,0,0,0,D,5,2000,1000,0.02,0.0477661893138268,0,3
stan_uncollapsed,1294.72426472507,40.29,48.93,0,0,0,0,0,D,10,2000,1000,0.023,0.0647698128026291,0,1
stan_uncollapsed,1947.63199215635,31.77,27.63,0,0,0,0,0,D,10,2000,1000,0.031,0.0589594270550879,0,2
stan_uncollapsed,2000,41.45,42.93,0,0,0,0,0,D,10,2000,1000,0.026,0.0628551238220918,0,3
stan_uncollapsed,418.743808524923,279.47,144.09,0,0,0,0,0,D,25,2000,1000,0.1296,0.0937674089292556,0.075,1
stan_uncollapsed,607.784491215922,508.05,174.61,0,0,0,0,0,D,25,2000,1000,0.094,0.0764316461229641,0.0416666666666667,2
stan_uncollapsed,631.054412552278,303.1,234.85,0,0,0,0,0,D,25,2000,1000,0.1116,0.0787214530416725,0.05,3
stan_uncollapsed,115.529443432399,3024.96,1914.06,0,0,0,0,0,D,50,2000,1000,0.1444,0.0913270197376614,0.0653061224489796,1
stan_uncollapsed,136.147072622922,2938.72,1997.77,0,0,0,0,0,D,50,2000,1000,0.1314,0.0817495354996842,0.0489795918367347,2
stan_uncollapsed,60.0206690428621,3013.88,2021.08,0,0,0,0,0,D,50,2000,1000,0.133,0.0865886915107087,0.036734693877551,3
stan_uncollapsed,109.804369667431,13753.8,16643.2,0,0,0,0,0,D,75,2000,1000,0.2012,0.0996932585466494,0.0243243243243243,1
stan_uncollapsed,83.5081263041566,15536,14800.6,0,0,0,0,0,D,75,2000,1000,0.189333333333333,0.0957239781561087,0.0513513513513514,2
stan_uncollapsed,74.9305821858209,14647,8741.51,0,0,0,0,0,D,75,2000,1000,0.1644,0.105943626368874,0.110810810810811,3
stan_uncollapsed,17.917274329048,42136.9,40529.1,0,0,0,0,0,D,100,2000,1000,0.2258,0.116625959368048,0.0282828282828283,1
stan_uncollapsed,21.6903491400719,38119.7,40109.9,0,0,0,0,0,D,100,2000,1000,0.2108,0.10973184398328,0.0202020202020202,2
stan_uncollapsed,23.9458124332801,39352.6,39962.4,0,0,0,0,0,D,100,2000,1000,0.19,0.115910436592082,0.109090909090909,3
stan_collapsed,1942.05056156026,58.87,44.3,0,0,0,0,0,D,3,2000,1000,0,0.0629257784001556,0.1,1
stan_collapsed,1980.41368398342,56.38,20.4,0,0,0,0,0,D,3,2000,1000,0.01,0.0707935765621436,0,2
stan_collapsed,1976.5317062926,111.83,84.03,0,0,0,0,0,D,3,2000,1000,0,0.0757315399485417,0,3
stan_collapsed,1940.21125124398,68.78,42.37,0,0,0,0,0,D,5,2000,1000,0.008,0.0482652127412577,0,1
stan_collapsed,1980.23787254455,65.96,50.14,0,0,0,0,0,D,5,2000,1000,0.022,0.0758094816901182,0.05,2
stan_collapsed,1991.50498101829,114.45,98.08,0,0,0,0,0,D,5,2000,1000,0.02,0.0478339747533733,0,3
stan_collapsed,1549.26584637037,160.76,198.06,0,0,0,0,0,D,10,2000,1000,0.023,0.0644383243749498,0,1
stan_collapsed,1947.56471156246,131.03,132.55,0,0,0,0,0,D,10,2000,1000,0.031,0.0591084281799414,0,2
stan_collapsed,1913.52794061396,163.08,197,0,0,0,0,0,D,10,2000,1000,0.026,0.0620565462774947,0.0222222222222222,3
stan_collapsed,469.81116730971,292.66,258.96,0,0,0,0,0,D,25,2000,1000,0.1296,0.0926312835396703,0.0833333333333333,1
stan_collapsed,486.214730957934,209.19,112.45,0,0,0,0,0,D,25,2000,1000,0.094,0.0760887795944663,0.075,2
stan_collapsed,268.591686650605,274.76,216.42,0,0,0,0,0,D,25,2000,1000,0.1116,0.076638220345451,0.0333333333333333,3
stan_collapsed,184.166755577847,560.94,657.78,0,0,0,0,0,D,50,2000,1000,0.1444,0.0930532377464548,0.0857142857142857,1
stan_collapsed,123.882102567295,584.07,418.14,0,0,0,0,0,D,50,2000,1000,0.1314,0.0818083591592694,0.073469387755102,2
stan_collapsed,155.687651343053,621.35,660.79,0,0,0,0,0,D,50,2000,1000,0.133,0.0876626237742018,0.0612244897959184,3
stan_collapsed,132.354697191507,1421.55,1559.09,0,0,0,0,0,D,75,2000,1000,0.2012,0.0991305639215309,0.0594594594594595,1
stan_collapsed,68.2394181402636,2274.1,1210.47,0,0,0,0,0,D,75,2000,1000,0.189333333333333,0.101276109578541,0.137837837837838,2
stan_collapsed,61.1585612722332,1297.7,1040.62,0,0,0,0,0,D,75,2000,1000,0.1644,0.119327133995211,0.235135135135135,3
stan_collapsed,103.324018815779,2605.02,2095.91,0,0,0,0,0,D,100,2000,1000,0.2258,0.121859856338372,0.125252525252525,1
stan_collapsed,96.9179888576161,2407.09,1921.49,0,0,0,0,0,D,100,2000,1000,0.2108,0.0960742694593686,0.0686868686868687,2
stan_collapsed,84.4453982955464,2628.29,2110.67,0,0,0,0,0,D,100,2000,1000,0.19,0.117807364708756,0.216161616161616,3
stan_collapsed,46.1876916967994,11977.9,10596,0,0,0,0,0,D,250,2000,1000,0.32712,0.136151443561559,0.0947791164658635,1
stan_collapsed,44.6612045717971,11965.6,12281.3,0,0,0,0,0,D,250,2000,1000,0.33716,0.136604162356224,0.120481927710843,2
stan_collapsed,43.5286840196863,11694.5,12054.2,0,0,0,0,0,D,250,2000,1000,0.30132,0.126596366002065,0.127710843373494,3
stan_collapsed,10.6863335058869,32685.5,33418.8,0,0,0,0,0,D,500,2000,1000,0.42768,0.23919581308339,0.267334669338677,1
stan_collapsed,12.9625798295165,33845,37654.6,0,0,0,0,0,D,500,2000,1000,0.43942,0.200075943855785,0.214829659318637,2
stan_collapsed,8.07323839523638,70745.8,60764.2,0,0,0,0,0,D,500,2000,1000,0.4043,0.216927949979091,0.241683366733467,3
mongrel_cholesky,4000,0,0.462482213973999,0.021361162,0.128055677,0.001584095,0.410151771,0.03108168,D,3,4000,0,0,0.0622805447476346,0.1,1
mongrel_cholesky,4000,0,0.449201107025146,0.004258937,0.109772373,0.003621652,0.394650523,0.032428373,D,3,4000,0,0.01,0.0739852339506112,0,2
mongrel_cholesky,4000,0,0.461835622787476,0.001296201,0.093493463,0.001860475,0.405919094,0.032663079,D,3,4000,0,0,0.0776086599810468,0,3
mongrel_cholesky,4000,0,0.653432607650757,0.003844199,0.133004586,0.003193153,0.396804531,0.036305774,D,5,4000,0,0.008,0.0497909001221495,0,1
mongrel_cholesky,4000,0,0.757762432098389,0.003656739,0.1540415,0.004952317,0.440580143,0.037316307,D,5,4000,0,0.022,0.0733280883327659,0.05,2
mongrel_cholesky,4000,0,0.728476524353027,0.026017351,0.252033215,0.008319714,0.521252339,0.035634821,D,5,4000,0,0.02,0.0471062911160214,0,3
mongrel_cholesky,4000,0,1.09892249107361,0.027037125,0.267816629,0.01594598,0.832049956,0.092283303,D,10,4000,0,0.023,0.0670252405555228,0.0222222222222222,1
mongrel_cholesky,4000,0,1.09025812149048,0.035241448,0.228425269,0.017287476,0.771113622,0.087463158,D,10,4000,0,0.031,0.0621435309965975,0.0444444444444444,2
mongrel_cholesky,4000,0,1.0498948097229,0.014031974,0.193824947,0.016167061,0.723761392,0.084707618,D,10,4000,0,0.026,0.0620183166789822,0.0222222222222222,3
mongrel_cholesky,4000,0,2.04651856422424,0.211054831,0.644175601,0.104969554,1.678845518,0.271342187,D,25,4000,0,0.1296,0.098831768484013,0.141666666666667,1
mongrel_cholesky,4000,0,1.81271457672119,0.203225437,0.550461306,0.078011461,1.532468665,0.268260501,D,25,4000,0,0.094,0.0828033933074164,0.141666666666667,2
mongrel_cholesky,4000,0,1.86167764663696,0.207629659,0.602185646,0.090937224,1.594745875,0.261953301,D,25,4000,0,0.1116,0.0785123850476298,0.075,3
mongrel_cholesky,4000,0,5.68543004989624,0.952151497,1.118475196,0.451181833,5.19022241,2.173269526,D,50,4000,0,0.1444,0.098082426524483,0.130612244897959,1
mongrel_cholesky,4000,0,5.0469012260437,0.979387903,1.127696371,0.400216564,4.624072137,1.569018123,D,50,4000,0,0.1314,0.0898624874121694,0.183673469387755,2
mongrel_cholesky,4000,0,4.98756170272827,0.969759127,1.051971884,0.565675873,4.65576606,1.562748051,D,50,4000,0,0.133,0.101223614414571,0.16734693877551,3
mongrel_cholesky,4000,0,9.97609114646912,2.382248391,2.036980871,1.432794194,9.524306671,2.946562158,D,75,4000,0,0.2012,0.101132923023399,0.0810810810810811,1
mongrel_cholesky,4000,0,9.28751993179321,2.179611083,2.015814135,1.265460118,8.774356092,2.639452741,D,75,4000,0,0.189333333333333,0.106231647582658,0.156756756756757,2
mongrel_cholesky,4000,0,9.43990778923035,2.358547845,1.852208839,1.575385981,9.017841404,2.585566902,D,75,4000,0,0.1644,0.139279682874811,0.427027027027027,3
mongrel_cholesky,4000,0,127.588549137115,3.701648688,2.890781107,3.813009679,127.116223215,115.972495264,D,100,4000,0,0.2258,0.132428069928378,0.21010101010101,1
mongrel_cholesky,4000,0,320.102919578552,3.917779073,2.937572155,3.506065862,319.560936774,308.409102245,D,100,4000,0,0.2108,0.101373225673685,0.115151515151515,2
mongrel_cholesky,4000,0,127.437188863754,4.155881477,2.995188969,3.547645962,126.979559059,115.459314175,D,100,4000,0,0.19,0.128729498554538,0.321212121212121,3
mongrel_cholesky,4000,0,872.828850984573,31.146351324,17.752815198,32.432862267,871.142585865,787.387823182,D,250,4000,0,0.32712,0.150442149772685,0.167068273092369,1
mongrel_cholesky,4000,0,248.890704154968,27.523980316,18.330947636,32.006683984,247.166877665,166.968094813,D,250,4000,0,0.33716,0.136710654419332,0.122088353413655,2
mongrel_cholesky,4000,0,255.602297544479,28.63908334,18.39852574,40.192991231,254.063176331,164.390359586,D,250,4000,0,0.30132,0.131266937235471,0.153413654618474,3
mongrel_cholesky,4000,0,1106.16578555107,117.362548719,103.920836956,223.553289213,1101.447115032,655.694301052,D,500,4000,0,0.42768,0.228646438364894,0.308216432865731,1
mongrel_cholesky,4000,0,2588.50490093231,187.660796232,202.360826567,824.465828857,2584.114494003,1368.638216573,D,500,4000,0,0.43942,0.171691246025321,0.155911823647295,2
mongrel_cholesky,4000,0,2343.47853636742,131.18091632,97.617137414,585.121084952,2338.573835047,1523.700764062,D,500,4000,0,0.4043,0.209869264384732,0.275350701402806,3
conjugate_linear_model,2000,0,0.00323581695556641,0,0,0,0,0,D,3,2000,0,0,0.0666677519271876,0.1,1
conjugate_linear_model,2000,0,0.00323987007141113,0,0,0,0,0,D,3,2000,0,0.01,0.0888417020881108,0.2,2
conjugate_linear_model,2000,0,0.00323152542114258,0,0,0,0,0,D,3,2000,0,0,0.0758671468333496,0,3
conjugate_linear_model,2000,0,0.00564074516296387,0,0,0,0,0,D,5,2000,0,0.008,0.0625320882348879,0.15,1
conjugate_linear_model,2000,0,0.00562858581542969,0,0,0,0,0,D,5,2000,0,0.022,0.0948152457063477,0.1,2
conjugate_linear_model,2000,0,0.00559353828430176,0,0,0,0,0,D,5,2000,0,0.02,0.0651000728100492,0.05,3
conjugate_linear_model,2000,0,0.0163826942443848,0,0,0,0,0,D,10,2000,0,0.023,0.116535063786876,0.244444444444444,1
conjugate_linear_model,2000,0,0.016204833984375,0,0,0,0,0,D,10,2000,0,0.031,0.105857714438322,0.177777777777778,2
conjugate_linear_model,2000,0,0.0160865783691406,0,0,0,0,0,D,10,2000,0,0.026,0.0869287376893319,0.133333333333333,3
conjugate_linear_model,2000,0,0.273254871368408,0,0,0,0,0,D,25,2000,0,0.1296,0.294051509539073,0.458333333333333,1
conjugate_linear_model,2000,0,0.272049188613892,0,0,0,0,0,D,25,2000,0,0.094,0.237762162926143,0.516666666666667,2
conjugate_linear_model,2000,0,0.276038885116577,0,0,0,0,0,D,25,2000,0,0.1116,0.264090614245529,0.508333333333333,3
conjugate_linear_model,2000,0,0.640839099884033,0,0,0,0,0,D,50,2000,0,0.1444,0.369994501026481,0.546938775510204,1
conjugate_linear_model,2000,0,0.635119676589966,0,0,0,0,0,D,50,2000,0,0.1314,0.27445702427465,0.514285714285714,2
conjugate_linear_model,2000,0,0.703630924224854,0,0,0,0,0,D,50,2000,0,0.133,0.307087757922564,0.530612244897959,3
conjugate_linear_model,2000,0,1.71259140968323,0,0,0,0,0,D,75,2000,0,0.2012,0.403589768610533,0.62972972972973,1
conjugate_linear_model,2000,0,1.73409295082092,0,0,0,0,0,D,75,2000,0,0.189333333333333,0.364512146589011,0.654054054054054,2
conjugate_linear_model,2000,0,1.65434193611145,0,0,0,0,0,D,75,2000,0,0.1644,0.299828741106227,0.5,3
conjugate_linear_model,2000,0,3.21302556991577,0,0,0,0,0,D,100,2000,0,0.2258,0.438956187033936,0.61010101010101,1
conjugate_linear_model,2000,0,3.19358706474304,0,0,0,0,0,D,100,2000,0,0.2108,0.379059080893561,0.636363636363636,2
conjugate_linear_model,2000,0,3.19268941879272,0,0,0,0,0,D,100,2000,0,0.19,0.333172281981552,0.585858585858586,3
conjugate_linear_model,2000,0,33.2004232406616,0,0,0,0,0,D,250,2000,0,0.32712,0.534480404272357,0.716465863453815,1
conjugate_linear_model,2000,0,36.3237001895905,0,0,0,0,0,D,250,2000,0,0.33716,0.518224195333636,0.698795180722892,2
conjugate_linear_model,2000,0,32.9893438816071,0,0,0,0,0,D,250,2000,0,0.30132,0.487426627831872,0.67710843373494,3
conjugate_linear_model,2000,0,248.071467876434,0,0,0,0,0,D,500,2000,0,0.42768,0.625884842373028,0.754709418837675,1
conjugate_linear_model,2000,0,244.56790304184,0,0,0,0,0,D,500,2000,0,0.43942,0.605378581048425,0.765931863727455,2
conjugate_linear_model,2000,0,246.848698616028,0,0,0,0,0,D,500,2000,0,0.4043,0.579620414058159,0.747094188376753,3
stan_collapsed_variationalbayes_meanfield,2000,0,8.33483266830444,0,0,0,0,0,D,3,2000,1000,0,0.0639163476966533,0.1,1
stan_collapsed_variationalbayes_meanfield,2000,0,7.97725629806519,0,0,0,0,0,D,3,2000,1000,0.01,0.0692237497421576,0,2
stan_collapsed_variationalbayes_meanfield,2000,0,8.61484670639038,0,0,0,0,0,D,3,2000,1000,0,0.0772752187543011,0,3
stan_collapsed_variationalbayes_meanfield,2000,0,10.3023693561554,0,0,0,0,0,D,5,2000,1000,0.008,0.0478152650155283,0,1
stan_collapsed_variationalbayes_meanfield,2000,0,9.92770266532898,0,0,0,0,0,D,5,2000,1000,0.022,0.0740536336310447,0.05,2
stan_collapsed_variationalbayes_meanfield,2000,0,9.30267810821533,0,0,0,0,0,D,5,2000,1000,0.02,0.0447471188217041,0.05,3
stan_collapsed_variationalbayes_meanfield,2000,0,14.8619391918182,0,0,0,0,0,D,10,2000,1000,0.023,0.0626080643415109,0,1
stan_collapsed_variationalbayes_meanfield,2000,0,19.3279132843018,0,0,0,0,0,D,10,2000,1000,0.031,0.0560300473720353,0,2
stan_collapsed_variationalbayes_meanfield,2000,0,15.5549833774567,0,0,0,0,0,D,10,2000,1000,0.026,0.0590357777910731,0.0222222222222222,3
stan_collapsed_variationalbayes_meanfield,2000,0,30.5446634292603,0,0,0,0,0,D,25,2000,1000,0.1296,0.109720813046428,0.283333333333333,1
stan_collapsed_variationalbayes_meanfield,2000,0,32.1970806121826,0,0,0,0,0,D,25,2000,1000,0.094,0.0741684060040765,0.216666666666667,2
stan_collapsed_variationalbayes_meanfield,2000,0,28.8990430831909,0,0,0,0,0,D,25,2000,1000,0.1116,0.118071616927465,0.491666666666667,3
stan_collapsed_variationalbayes_meanfield,2000,0,60.2004709243774,0,0,0,0,0,D,50,2000,1000,0.1444,0.220896578649496,0.383673469387755,1
stan_collapsed_variationalbayes_meanfield,2000,0,58.726457118988,0,0,0,0,0,D,50,2000,1000,0.1314,0.223919577644377,0.387755102040816,2
stan_collapsed_variationalbayes_meanfield,2000,0,58.7176196575165,0,0,0,0,0,D,50,2000,1000,0.133,0.31754984229976,0.285714285714286,3
stan_collapsed_variationalbayes_meanfield,2000,0,98.64688372612,0,0,0,0,0,D,75,2000,1000,0.2012,0.30758982738412,0.375675675675676,1
stan_collapsed_variationalbayes_meanfield,2000,0,96.63756275177,0,0,0,0,0,D,75,2000,1000,0.189333333333333,0.348198284889445,0.435135135135135,2
stan_collapsed_variationalbayes_meanfield,2000,0,100.296464443207,0,0,0,0,0,D,75,2000,1000,0.1644,0.34531239512611,0.243243243243243,3
stan_collapsed_variationalbayes_meanfield,2000,0,254.755230903625,0,0,0,0,0,D,100,2000,1000,0.2258,0.594676277120392,0.232323232323232,1
stan_collapsed_variationalbayes_meanfield,2000,0,198.745740413666,0,0,0,0,0,D,100,2000,1000,0.2108,0.673466635126108,0.232323232323232,2
stan_collapsed_variationalbayes_meanfield,2000,0,142.100133419037,0,0,0,0,0,D,100,2000,1000,0.19,0.636425414339819,0.260606060606061,3
stan_collapsed_variationalbayes_meanfield,2000,0,535.152625083923,0,0,0,0,0,D,250,2000,1000,0.32712,0.788310094734663,0.22570281124498,1
stan_collapsed_variationalbayes_meanfield,2000,0,529.554582834244,0,0,0,0,0,D,250,2000,1000,0.33716,0.688569678535551,0.34859437751004,2
stan_collapsed_variationalbayes_meanfield,2000,0,638.953461647034,0,0,0,0,0,D,250,2000,1000,0.30132,0.353462649615987,0.44578313253012,3
stan_collapsed_variationalbayes_meanfield,2000,0,1806.97757411003,0,0,0,0,0,D,500,2000,1000,0.42768,0.470039417350538,0.608416833667335,1
stan_collapsed_variationalbayes_meanfield,2000,0,1795.64871740341,0,0,0,0,0,D,500,2000,1000,0.43942,0.465889770105573,0.544689378757515,2
mongrel_cholesky_MAP,1,0,0.334357738494873,0,0,0.001724059,0.008120694,0.00634168,D,3,1,0,0,0.0486766832659758,1,1
mongrel_cholesky_MAP,1,0,0.282690048217773,0,0,0.003660727,0.009573663,0.005859618,D,3,1,0,0.01,0.0543244166542002,1,2
mongrel_cholesky_MAP,1,0,0.27902626991272,0,0,0.001882797,0.008025161,0.006089716,D,3,1,0,0,0.0524428579086356,1,3
mongrel_cholesky_MAP,1,0,0.311902046203613,0,0,0.00340463,0.009860593,0.006398568,D,5,1,0,0.008,0.0337715904096513,1,1
mongrel_cholesky_MAP,1,0,0.299784183502197,0,0,0.005367377,0.014768778,0.009345803,D,5,1,0,0.022,0.0532463096471965,1,2
mongrel_cholesky_MAP,1,0,0.315182209014893,0,0,0.005975235,0.012051508,0.006021181,D,5,1,0,0.02,0.0258302835126489,1,3
mongrel_cholesky_MAP,1,0,0.314074754714966,0,0,0.015441775,0.023267406,0.007727697,D,10,1,0,0.023,0.0462582431383957,1,1
mongrel_cholesky_MAP,1,0,0.358087539672852,0,0,0.013791564,0.023998894,0.01015358,D,10,1,0,0.031,0.0463155178737966,1,2
mongrel_cholesky_MAP,1,0,0.355096340179443,0,0,0.015471855,0.021709919,0.006178132,D,10,1,0,0.026,0.0402486695526625,1,3
mongrel_cholesky_MAP,1,0,0.381374359130859,0,0,0.102307294,0.108434508,0.006053895,D,25,1,0,0.1296,0.0802097084163007,1,1
mongrel_cholesky_MAP,1,0,0.33911395072937,0,0,0.076873255,0.083211511,0.006259417,D,25,1,0,0.094,0.0670415038625767,1,2
mongrel_cholesky_MAP,1,0,0.364019155502319,0,0,0.085362142,0.091260149,0.005823202,D,25,1,0,0.1116,0.0586566903941379,1,3
mongrel_cholesky_MAP,1,0,0.728254318237305,0,0,0.44506157,0.491957855,0.046793111,D,50,1,0,0.1444,0.0790257337219266,1,1
mongrel_cholesky_MAP,1,0,0.653486013412476,0,0,0.395506642,0.410348838,0.014743185,D,50,1,0,0.1314,0.0728216061904248,1,2
mongrel_cholesky_MAP,1,0,0.834424734115601,0,0,0.564654074,0.58299708,0.018245074,D,50,1,0,0.133,0.0843078910036461,1,3
mongrel_cholesky_MAP,1,0,1.69556212425232,0,0,1.428066117,1.453491756,0.02512817,D,75,1,0,0.2012,0.0774865352433258,1,1
mongrel_cholesky_MAP,1,0,1.56523442268372,0,0,1.265224365,1.291190762,0.025652697,D,75,1,0,0.189333333333333,0.0885657562824511,1,2
mongrel_cholesky_MAP,1,0,1.86464500427246,0,0,1.570827558,1.630667958,0.05953348,D,75,1,0,0.1644,0.125173842926005,1,3
mongrel_cholesky_MAP,1,0,4.13440084457397,0,0,3.812343854,3.85273699,0.040018311,D,100,1,0,0.2258,0.111682505227812,1,1
mongrel_cholesky_MAP,1,0,3.77472329139709,0,0,3.447618681,3.466235638,0.018204419,D,100,1,0,0.2108,0.0795066258098478,1,2
mongrel_cholesky_MAP,1,0,4.02460908889771,0,0,3.558059352,3.777134725,0.218669112,D,100,1,0,0.19,0.111858639648798,1,3
mongrel_cholesky_MAP,1,0,32.8067982196808,0,0,32.498538656,32.50766218,0.008126965,D,250,1,0,0.32712,0.122354103576759,1,1
mongrel_cholesky_MAP,1,0,32.2984290122986,0,0,32.02402454,32.031655247,0.006674065,D,250,1,0,0.33716,0.108925252295151,1,2
mongrel_cholesky_MAP,1,0,39.887594461441,0,0,39.607050815,39.614547116,0.006539032,D,250,1,0,0.30132,0.105895040059536,1,3
mongrel_cholesky_MAP,1,0,185.36282324791,0,0,184.742012261,184.954175405,0.208309063,D,500,1,0,0.42768,0.199964215853643,1,1
mongrel_cholesky_MAP,1,0,205.128652572632,0,0,204.510207575,204.753075405,0.239041347,D,500,1,0,0.43942,0.137991153363065,1,2
mongrel_cholesky_MAP,1,0,115.353523254395,0,0,114.704041893,114.935446347,0.227507113,D,500,1,0,0.4043,0.184558157494868,1,3
stan_uncollapsed,339.475785170394,267.4,123.18,0,0,0,0,0,Q,2,2000,1000,0.00533333333333333,0.0547125597450243,0,1
stan_uncollapsed,523.261016333559,268.65,356.16,0,0,0,0,0,Q,2,2000,1000,0.0183333333333333,0.0540048829864693,0.0344827586206897,2
stan_uncollapsed,408.641490299332,264.79,201.88,0,0,0,0,0,Q,2,2000,1000,0.00733333333333333,0.0615374782532657,0.0689655172413793,3
stan_uncollapsed,287.473432464745,480.92,226.76,0,0,0,0,0,Q,4,2000,1000,0.061,0.0857195337886932,0.0775862068965517,1
stan_uncollapsed,365.273823417134,453.62,282.18,0,0,0,0,0,Q,4,2000,1000,0.06,0.0745101578190211,0.0689655172413793,2
stan_uncollapsed,336.555838327603,810,381.8,0,0,0,0,0,Q,4,2000,1000,0.091,0.0756426314596877,0.0431034482758621,3
stan_uncollapsed,186.859308468578,663.46,343.96,0,0,0,0,0,Q,10,2000,1000,0.309,0.121673653867443,0.0310344827586207,1
stan_uncollapsed,205.891427883111,735.16,462.07,0,0,0,0,0,Q,10,2000,1000,0.286333333333333,0.11165858412471,0.0206896551724138,2
stan_uncollapsed,277.794986212245,869.74,561.95,0,0,0,0,0,Q,10,2000,1000,0.297333333333333,0.128521850188727,0.0482758620689655,3
stan_uncollapsed,839.167138626381,1528.91,1723.64,0,0,0,0,0,Q,20,2000,1000,0.544666666666667,0.266119738437296,0.096551724137931,1
stan_uncollapsed,571.044464138496,2525.35,1575.58,0,0,0,0,0,Q,20,2000,1000,0.538666666666667,0.269202911125495,0.096551724137931,2
stan_uncollapsed,471.995311150472,1151.72,940.16,0,0,0,0,0,Q,20,2000,1000,0.503,0.236269902087908,0.0879310344827586,3
stan_uncollapsed,127.29118987576,1745.87,1767.3,0,0,0,0,0,Q,50,2000,1000,0.761,0.81811616338123,0.235862068965517,1
stan_uncollapsed,95.9835763476484,1995.61,1978.47,0,0,0,0,0,Q,50,2000,1000,0.736333333333333,0.79969855633961,0.231034482758621,2
stan_uncollapsed,122.756685602756,1830.65,1851.18,0,0,0,0,0,Q,50,2000,1000,0.735,0.788724053346894,0.244827586206897,3
stan_uncollapsed,41.1831443556571,2089.95,1819.7,0,0,0,0,0,Q,75,2000,1000,0.816333333333333,1.08621601658104,0.189885057471264,1
stan_uncollapsed,38.7113787024115,2183.57,2349.65,0,0,0,0,0,Q,75,2000,1000,0.820333333333333,1.09801571601956,0.194022988505747,2
stan_uncollapsed,43.1547986159424,2135.67,1968.35,0,0,0,0,0,Q,75,2000,1000,0.817333333333333,1.08560783621799,0.223448275862069,3
stan_uncollapsed,44.3054193928208,1986.55,1853.69,0,0,0,0,0,Q,100,2000,1000,0.835,1.08007559507071,0.204137931034483,1
stan_uncollapsed,26.0582352109634,2004.22,1800.75,0,0,0,0,0,Q,100,2000,1000,0.854666666666667,1.20589400343591,0.166896551724138,2
stan_uncollapsed,30.2713837060977,1822.36,1753.8,0,0,0,0,0,Q,100,2000,1000,0.852666666666667,1.17137357911217,0.198620689655172,3
stan_uncollapsed,24.4990852455359,6131.22,6246.51,0,0,0,0,0,Q,250,2000,1000,0.915333333333333,1.1709226141332,0.248827586206897,1
stan_uncollapsed,25.4090779828068,3246.2,3142.75,0,0,0,0,0,Q,250,2000,1000,0.905333333333333,1.16797370093433,0.23351724137931,2
stan_uncollapsed,32.1440400535962,2880.06,4608.4,0,0,0,0,0,Q,250,2000,1000,0.896666666666667,1.13436974435701,0.250758620689655,3
stan_uncollapsed,29.1470076668291,6157.49,5636.17,0,0,0,0,0,Q,500,2000,1000,0.932666666666667,1.10997255413606,0.336068965517241,1
stan_uncollapsed,28.374723696351,6254.59,6467.82,0,0,0,0,0,Q,500,2000,1000,0.937,1.1022699477549,0.355724137931034,2
stan_uncollapsed,30.9944189967299,7029.07,7052.78,0,0,0,0,0,Q,500,2000,1000,0.928666666666667,1.11099064303393,0.34351724137931,3
stan_collapsed,913.01333926494,149.05,179.29,0,0,0,0,0,Q,2,2000,1000,0.00533333333333333,0.0552270898717178,0.0344827586206897,1
stan_collapsed,384.556210876341,164.25,121.68,0,0,0,0,0,Q,2,2000,1000,0.0183333333333333,0.0533453353820158,0.0344827586206897,2
stan_collapsed,1027.11083417269,134.51,127.73,0,0,0,0,0,Q,2,2000,1000,0.00733333333333333,0.0611017936513028,0.0689655172413793,3
stan_collapsed,241.465803174936,223.74,192.31,0,0,0,0,0,Q,4,2000,1000,0.061,0.0860198376075101,0.0775862068965517,1
stan_collapsed,267.328925009026,262.55,128.6,0,0,0,0,0,Q,4,2000,1000,0.06,0.0729678864212977,0.0948275862068965,2
stan_collapsed,351.827861028823,223.36,244.38,0,0,0,0,0,Q,4,2000,1000,0.091,0.0738733268057041,0.0517241379310345,3
stan_collapsed,379.657341819406,434.2,539.01,0,0,0,0,0,Q,10,2000,1000,0.309,0.119871995462512,0.0586206896551724,1
stan_collapsed,127.397227458808,368.99,252.01,0,0,0,0,0,Q,10,2000,1000,0.286333333333333,0.112713864411918,0.0448275862068966,2
stan_collapsed,209.538210314921,439.46,303.73,0,0,0,0,0,Q,10,2000,1000,0.297333333333333,0.128755087882759,0.0655172413793104,3
stan_collapsed,633.613220208019,1053.46,870.91,0,0,0,0,0,Q,20,2000,1000,0.544666666666667,0.270685828902416,0.186206896551724,1
stan_collapsed,436.878388345603,875.8,715.17,0,0,0,0,0,Q,20,2000,1000,0.538666666666667,0.283644997509541,0.206896551724138,2
stan_collapsed,604.466565665463,927.58,828.75,0,0,0,0,0,Q,20,2000,1000,0.503,0.239673797752248,0.146551724137931,3
stan_collapsed,856.594401504912,1971.2,2028.22,0,0,0,0,0,Q,50,2000,1000,0.761,0.808132106575157,0.368965517241379,1
stan_collapsed,849.628146932371,1958.82,2019.1,0,0,0,0,0,Q,50,2000,1000,0.736333333333333,0.776702596427195,0.339310344827586,2
stan_collapsed,983.038399992652,1672.21,1718.12,0,0,0,0,0,Q,50,2000,1000,0.735,0.768021854591983,0.344137931034483,3
stan_collapsed,452.747807585543,1882.13,1903.99,0,0,0,0,0,Q,75,2000,1000,0.816333333333333,1.01613861407706,0.296091954022988,1
stan_collapsed,566.504175844899,1960.29,1924.68,0,0,0,0,0,Q,75,2000,1000,0.820333333333333,1.01227933690992,0.309425287356322,2
stan_collapsed,520.096987514039,3779.45,1958.74,0,0,0,0,0,Q,75,2000,1000,0.817333333333333,1.0333430141336,0.323218390804598,3
stan_collapsed,1059.31923254313,1536.31,1598.77,0,0,0,0,0,Q,100,2000,1000,0.835,1.01982629440501,0.311379310344828,1
stan_collapsed,609.116088488977,1885.27,1754.11,0,0,0,0,0,Q,100,2000,1000,0.854666666666667,1.11559862190285,0.277586206896552,2
stan_collapsed,940.297481476329,1837.72,1876.06,0,0,0,0,0,Q,100,2000,1000,0.852666666666667,1.08037075759415,0.30551724137931,3
stan_collapsed,944.369752664744,1700.92,1721.79,0,0,0,0,0,Q,250,2000,1000,0.915333333333333,1.17927416536121,0.250620689655172,1
stan_collapsed,1029.88237177983,1870.34,1886.01,0,0,0,0,0,Q,250,2000,1000,0.905333333333333,1.13536010697516,0.281931034482759,2
stan_collapsed,1206.13519176658,1789.31,1623.9,0,0,0,0,0,Q,250,2000,1000,0.896666666666667,1.08807890627051,0.326206896551724,3
stan_collapsed,1293.2797541017,1748.23,1780.88,0,0,0,0,0,Q,500,2000,1000,0.932666666666667,1.10004016934955,0.354,1
stan_collapsed,1146.49753136809,1703.09,1739.99,0,0,0,0,0,Q,500,2000,1000,0.937,1.12474227566047,0.306137931034483,2
stan_collapsed,1394.00012985209,1728.33,1704.05,0,0,0,0,0,Q,500,2000,1000,0.928666666666667,1.10516100019251,0.349655172413793,3
mongrel_cholesky,4000,0,2.33133220672607,0.271072061,0.736849637,0.045138532,2.008695961,0.501518007,Q,2,4000,0,0.00533333333333333,0.05800708097035,0.0689655172413793,1
mongrel_cholesky,4000,0,2.2756085395813,0.289358233,0.633473994,0.0528181,1.961591577,0.531918125,Q,2,4000,0,0.0183333333333333,0.0534651814201152,0.0344827586206897,2
mongrel_cholesky,4000,0,2.02885937690735,0.306106589,0.566594577,0.043787275,1.761842315,0.419215057,Q,2,4000,0,0.00733333333333333,0.0622950631927683,0.0862068965517241,3
mongrel_cholesky,4000,0,95.4470257759094,0.420687412,1.774032196,0.162497925,95.044389924,92.040003587,Q,4,4000,0,0.061,0.0865001691444677,0.0948275862068965,1
mongrel_cholesky,4000,0,2.09316444396973,0.280033374,0.563456458,0.10935304,1.818293557,0.452523675,Q,4,4000,0,0.06,0.0728271244738397,0.129310344827586,2
mongrel_cholesky,4000,0,2.36486554145813,0.279113006,0.649782852,0.118248022,2.060225164,0.55642095,Q,4,4000,0,0.091,0.0757902746570293,0.103448275862069,3
mongrel_cholesky,4000,0,2.54697275161743,0.325131476,0.625507905,0.239372309,2.22258103,0.546957805,Q,10,4000,0,0.309,0.12855935850421,0.193103448275862,1
mongrel_cholesky,4000,0,2.65867352485657,0.274063904,0.598019278,0.232293141,2.358361699,0.831819178,Q,10,4000,0,0.286333333333333,0.131370994907356,0.206896551724138,2
mongrel_cholesky,4000,0,2.44881129264832,0.282899516,0.6259999,0.306055056,2.169946112,0.525602013,Q,10,4000,0,0.297333333333333,0.145497950563775,0.231034482758621,3
mongrel_cholesky,4000,0,3.10865163803101,0.31098189,0.634759082,0.493094291,2.800803421,0.888033332,Q,20,4000,0,0.544666666666667,0.302172592482738,0.363793103448276,1
mongrel_cholesky,4000,0,2.95833992958069,0.29806358,0.660543963,0.419527912,2.693844768,0.858643819,Q,20,4000,0,0.538666666666667,0.337212615935194,0.45,2
mongrel_cholesky,4000,0,3.04504084587097,0.285956392,0.635771614,0.369658351,2.675502079,0.914837919,Q,20,4000,0,0.503,0.276781450227163,0.312068965517241,3
mongrel_cholesky,4000,0,4.8948872089386,0.312347898,0.650809973,0.87422928,4.329786508,2.001231078,Q,50,4000,0,0.761,0.823334864683512,0.553103448275862,1
mongrel_cholesky,4000,0,4.5916907787323,0.290519669,0.660330553,1.078047912,3.939301649,1.445797531,Q,50,4000,0,0.736333333333333,0.793838799825795,0.528965517241379,2
mongrel_cholesky,4000,0,88.2863283157349,0.337994674,1.861661998,2.310549619,87.825903656,82.747954344,Q,50,4000,0,0.735,0.970135009580534,0.275862068965517,3
mongrel_cholesky,4000,0,4.82761478424072,0.270916225,0.567324937,1.152936176,4.380824909,1.991966529,Q,75,4000,0,0.816333333333333,0.97322186247673,0.508045977011494,1
mongrel_cholesky,4000,0,5.51478672027588,0.293000838,0.649658932,1.359018673,4.820464635,2.045203993,Q,75,4000,0,0.820333333333333,0.997637545289089,0.495632183908046,2
mongrel_cholesky,4000,0,4.94872617721558,0.327651042,0.585318364,1.105073033,4.437993545,1.971088878,Q,75,4000,0,0.817333333333333,1.00759504209376,0.515402298850575,3
mongrel_cholesky,4000,0,6.67434883117676,0.274024624,0.569084714,2.269151894,6.206717488,2.688920382,Q,100,4000,0,0.835,1.00852615229456,0.501034482758621,1
mongrel_cholesky,4000,0,6.38635468482971,0.321141813,0.578902411,1.868482291,5.869131501,2.660612953,Q,100,4000,0,0.854666666666667,1.03852280328924,0.491034482758621,2
mongrel_cholesky,4000,0,6.12457680702209,0.274168813,0.58290391,1.614053332,5.611401931,2.695755556,Q,100,4000,0,0.852666666666667,1.01924602782757,0.483448275862069,3
mongrel_cholesky,4000,0,13.9300575256348,0.298427399,0.678955116,2.706762358,13.233154528,9.083920727,Q,250,4000,0,0.915333333333333,1.07454340970484,0.476551724137931,1
mongrel_cholesky,4000,0,13.7085499763489,0.284680328,0.704242009,2.629692495,12.987697207,8.922581309,Q,250,4000,0,0.905333333333333,1.75219880617521,0.0288275862068966,2
mongrel_cholesky,4000,0,198.804425477982,0.30217534,0.682070757,0.784321053,197.826497361,195.626679218,Q,250,4000,0,0.896666666666667,1.0345735505956,0.495586206896552,3
mongrel_cholesky,4000,0,30.2587916851044,0.271524666,0.562703244,1.221677853,29.706766122,27.186564536,Q,500,4000,0,0.932666666666667,3.29938065076402,0.000758620689655172,1
mongrel_cholesky,4000,0,30.7410955429077,0.277375205,0.573927032,1.826533148,30.236089401,27.06583245,Q,500,4000,0,0.937,1.0257034804785,0.614551724137931,2
mongrel_cholesky,4000,0,34.5371403694153,0.29499366,0.610555277,1.292177688,34.042023475,31.383617117,Q,500,4000,0,0.928666666666667,1.02758440066579,0.626689655172414,3
conjugate_linear_model,2000,0,0.313959360122681,0,0,0,0,0,Q,2,2000,0,0.00533333333333333,0.0641187284401646,0.0689655172413793,1
conjugate_linear_model,2000,0,0.314085721969604,0,0,0,0,0,Q,2,2000,0,0.0183333333333333,0.0991855905020901,0.206896551724138,2
conjugate_linear_model,2000,0,0.310518503189087,0,0,0,0,0,Q,2,2000,0,0.00733333333333333,0.0786800452537207,0.120689655172414,3
conjugate_linear_model,2000,0,0.3118577003479,0,0,0,0,0,Q,4,2000,0,0.061,0.154498638750007,0.344827586206897,1
conjugate_linear_model,2000,0,0.31517481803894,0,0,0,0,0,Q,4,2000,0,0.06,0.1676126645275,0.293103448275862,2
conjugate_linear_model,2000,0,0.35142970085144,0,0,0,0,0,Q,4,2000,0,0.091,0.240103671098841,0.482758620689655,3
conjugate_linear_model,2000,0,0.325623989105225,0,0,0,0,0,Q,10,2000,0,0.309,0.458430433280792,0.610344827586207,1
conjugate_linear_model,2000,0,0.328868627548218,0,0,0,0,0,Q,10,2000,0,0.286333333333333,0.418234761703014,0.606896551724138,2
conjugate_linear_model,2000,0,0.320683240890503,0,0,0,0,0,Q,10,2000,0,0.297333333333333,0.511552905222947,0.672413793103448,3
conjugate_linear_model,2000,0,0.538130283355713,0,0,0,0,0,Q,20,2000,0,0.544666666666667,0.721520154801389,0.706896551724138,1
conjugate_linear_model,2000,0,0.523356676101685,0,0,0,0,0,Q,20,2000,0,0.538666666666667,0.676684657134967,0.7,2
conjugate_linear_model,2000,0,0.480087995529175,0,0,0,0,0,Q,20,2000,0,0.503,0.658339624500872,0.648275862068965,3
conjugate_linear_model,2000,0,0.621922492980957,0,0,0,0,0,Q,50,2000,0,0.761,0.876104964326799,0.74,1
conjugate_linear_model,2000,0,0.615873098373413,0,0,0,0,0,Q,50,2000,0,0.736333333333333,0.831820589547159,0.688965517241379,2
conjugate_linear_model,2000,0,0.55190372467041,0,0,0,0,0,Q,50,2000,0,0.735,0.859274054017194,0.716551724137931,3
conjugate_linear_model,2000,0,0.507127523422241,0,0,0,0,0,Q,75,2000,0,0.816333333333333,0.919658966914831,0.736091954022989,1
conjugate_linear_model,2000,0,0.470800399780273,0,0,0,0,0,Q,75,2000,0,0.820333333333333,0.919615493521769,0.746206896551724,2
conjugate_linear_model,2000,0,0.476471185684204,0,0,0,0,0,Q,75,2000,0,0.817333333333333,0.917985638970783,0.739770114942529,3
conjugate_linear_model,2000,0,0.582181215286255,0,0,0,0,0,Q,100,2000,0,0.835,0.953757424927275,0.760344827586207,1
conjugate_linear_model,2000,0,0.603267908096313,0,0,0,0,0,Q,100,2000,0,0.854666666666667,0.980951781634123,0.766896551724138,2
conjugate_linear_model,2000,0,0.625544309616089,0,0,0,0,0,Q,100,2000,0,0.852666666666667,0.982255123188895,0.759655172413793,3
conjugate_linear_model,2000,0,1.65510773658752,0,0,0,0,0,Q,250,2000,0,0.915333333333333,1.00583724063074,0.810896551724138,1
conjugate_linear_model,2000,0,1.7138729095459,0,0,0,0,0,Q,250,2000,0,0.905333333333333,0.991072155888518,0.795448275862069,2
conjugate_linear_model,2000,0,1.68727612495422,0,0,0,0,0,Q,250,2000,0,0.896666666666667,0.985449828878435,0.789103448275862,3
conjugate_linear_model,2000,0,5.22839546203613,0,0,0,0,0,Q,500,2000,0,0.932666666666667,0.998879044750408,0.81951724137931,1
conjugate_linear_model,2000,0,5.19826221466064,0,0,0,0,0,Q,500,2000,0,0.937,0.998731514064856,0.832137931034483,2
conjugate_linear_model,2000,0,5.24069881439209,0,0,0,0,0,Q,500,2000,0,0.928666666666667,1.0064823501299,0.817034482758621,3
stan_collapsed_variationalbayes_meanfield,2000,0,40.5520360469818,0,0,0,0,0,Q,2,2000,1000,0.00533333333333333,0.0530164335015219,0.0862068965517241,1
stan_collapsed_variationalbayes_meanfield,2000,0,68.9676234722137,0,0,0,0,0,Q,2,2000,1000,0.0183333333333333,0.0627515906724027,0.206896551724138,2
stan_collapsed_variationalbayes_meanfield,2000,0,35.4262580871582,0,0,0,0,0,Q,2,2000,1000,0.00733333333333333,0.0591423493006695,0.120689655172414,3
stan_collapsed_variationalbayes_meanfield,2000,0,37.0877294540405,0,0,0,0,0,Q,4,2000,1000,0.061,0.0763183852118033,0.146551724137931,1
stan_collapsed_variationalbayes_meanfield,2000,0,58.3145251274109,0,0,0,0,0,Q,4,2000,1000,0.06,0.106310346732396,0.517241379310345,2
stan_collapsed_variationalbayes_meanfield,2000,0,37.2356715202332,0,0,0,0,0,Q,4,2000,1000,0.091,0.0741906443039087,0.267241379310345,3
stan_collapsed_variationalbayes_meanfield,2000,0,35.4149906635284,0,0,0,0,0,Q,10,2000,1000,0.309,0.159354175940052,0.262068965517241,1
stan_collapsed_variationalbayes_meanfield,2000,0,64.6058418750763,0,0,0,0,0,Q,10,2000,1000,0.286333333333333,0.17739786047601,0.196551724137931,2
stan_collapsed_variationalbayes_meanfield,2000,0,37.216278553009,0,0,0,0,0,Q,10,2000,1000,0.297333333333333,0.213965774011876,0.386206896551724,3
stan_collapsed_variationalbayes_meanfield,2000,0,38.2424781322479,0,0,0,0,0,Q,20,2000,1000,0.544666666666667,0.335554701064897,0.467241379310345,1
stan_collapsed_variationalbayes_meanfield,2000,0,37.5819375514984,0,0,0,0,0,Q,20,2000,1000,0.538666666666667,0.302574026817436,0.567241379310345,2
stan_collapsed_variationalbayes_meanfield,2000,0,38.8445582389832,0,0,0,0,0,Q,20,2000,1000,0.503,0.284334390513659,0.35,3
stan_collapsed_variationalbayes_meanfield,2000,0,68.6759033203125,0,0,0,0,0,Q,50,2000,1000,0.761,0.719209791782721,0.753793103448276,1
stan_collapsed_variationalbayes_meanfield,2000,0,44.7519774436951,0,0,0,0,0,Q,50,2000,1000,0.736333333333333,0.656473746882625,0.691724137931034,2
stan_collapsed_variationalbayes_meanfield,2000,0,65.6897370815277,0,0,0,0,0,Q,50,2000,1000,0.735,0.694365371842397,0.728275862068966,3
stan_collapsed_variationalbayes_meanfield,2000,0,51.4212622642517,0,0,0,0,0,Q,75,2000,1000,0.816333333333333,0.827791526568597,0.628965517241379,1
stan_collapsed_variationalbayes_meanfield,2000,0,50.0957536697388,0,0,0,0,0,Q,75,2000,1000,0.820333333333333,0.840759905225506,0.648735632183908,2
stan_collapsed_variationalbayes_meanfield,2000,0,49.2522871494293,0,0,0,0,0,Q,75,2000,1000,0.817333333333333,0.827330969802043,0.633103448275862,3
stan_collapsed_variationalbayes_meanfield,2000,0,53.7821457386017,0,0,0,0,0,Q,100,2000,1000,0.835,0.911623622221021,0.498620689655172,1
stan_collapsed_variationalbayes_meanfield,2000,0,56.3199877738953,0,0,0,0,0,Q,100,2000,1000,0.854666666666667,0.948330097496389,0.491379310344828,2
stan_collapsed_variationalbayes_meanfield,2000,0,55.5695350170135,0,0,0,0,0,Q,100,2000,1000,0.852666666666667,0.93982680520744,0.461034482758621,3
stan_collapsed_variationalbayes_meanfield,2000,0,110.185592412949,0,0,0,0,0,Q,250,2000,1000,0.915333333333333,1.02004329470654,0.596827586206897,1
stan_collapsed_variationalbayes_meanfield,2000,0,134.864657878876,0,0,0,0,0,Q,250,2000,1000,0.905333333333333,1.00766951292391,0.575724137931034,2
stan_collapsed_variationalbayes_meanfield,2000,0,95.0585498809814,0,0,0,0,0,Q,250,2000,1000,0.896666666666667,0.999328905697939,0.594896551724138,3
stan_collapsed_variationalbayes_meanfield,2000,0,196.221083879471,0,0,0,0,0,Q,500,2000,1000,0.932666666666667,1.02786083647166,0.560206896551724,1
stan_collapsed_variationalbayes_meanfield,2000,0,198.752887487411,0,0,0,0,0,Q,500,2000,1000,0.937,1.02947562161909,0.557931034482759,2
stan_collapsed_variationalbayes_meanfield,2000,0,197.242748498917,0,0,0,0,0,Q,500,2000,1000,0.928666666666667,1.03943245711902,0.536965517241379,3
mongrel_cholesky_MAP,1,0,0.348046779632568,0,0,0.04572047,0.107541194,0.061746547,Q,2,1,0,0.00533333333333333,0.0409683247733417,1,1
mongrel_cholesky_MAP,1,0,0.480127334594727,0,0,0.062528655,0.129057981,0.066452573,Q,2,1,0,0.0183333333333333,0.036318330225326,1,2
mongrel_cholesky_MAP,1,0,0.369197368621826,0,0,0.043597556,0.064977587,0.021300594,Q,2,1,0,0.00733333333333333,0.0461460206932731,1,3
mongrel_cholesky_MAP,1,0,0.346073389053345,0,0,0.080212405,0.108593733,0.028303324,Q,4,1,0,0.061,0.0671181193308644,1,1
mongrel_cholesky_MAP,1,0,0.433399200439453,0,0,0.10890924,0.143335907,0.03434977,Q,4,1,0,0.06,0.0568297872595652,1,2
mongrel_cholesky_MAP,1,0,0.414963722229004,0,0,0.120992842,0.139230791,0.018160154,Q,4,1,0,0.091,0.0575737784851931,1,3
mongrel_cholesky_MAP,1,0,0.491689205169678,0,0,0.235396331,0.255115104,0.019638026,Q,10,1,0,0.309,0.104988997742661,1,1
mongrel_cholesky_MAP,1,0,0.498151302337646,0,0,0.227652214,0.245699955,0.017968112,Q,10,1,0,0.286333333333333,0.110375050545231,1,2
mongrel_cholesky_MAP,1,0,0.58429479598999,0,0,0.288966146,0.306293487,0.01724421,Q,10,1,0,0.297333333333333,0.122847046114634,1,3
mongrel_cholesky_MAP,1,0,0.847978115081787,0,0,0.517753958,0.554217034,0.036379491,Q,20,1,0,0.544666666666667,0.278192220682061,1,1
mongrel_cholesky_MAP,1,0,0.672523260116577,0,0,0.403995933,0.433699968,0.029626489,Q,20,1,0,0.538666666666667,0.316334276107682,1,2
mongrel_cholesky_MAP,1,0,0.701683282852173,0,0,0.369295221,0.401747331,0.032371314,Q,20,1,0,0.503,0.252250106928532,1,3
mongrel_cholesky_MAP,1,0,1.1858024597168,0,0,0.873606208,0.90711366,0.033425526,Q,50,1,0,0.761,0.789604694816911,1,1
mongrel_cholesky_MAP,1,0,1.47643041610718,0,0,1.093607726,1.157492591,0.063803389,Q,50,1,0,0.736333333333333,0.75432600985782,1,2
mongrel_cholesky_MAP,1,0,1.64034819602966,0,0,1.347767424,1.377759262,0.029913325,Q,50,1,0,0.735,0.76473183524475,1,3
mongrel_cholesky_MAP,1,0,1.58516216278076,0,0,1.168698636,1.29396332,0.125182927,Q,75,1,0,0.816333333333333,0.918439779770773,1,1
mongrel_cholesky_MAP,1,0,1.6558473110199,0,0,1.349844103,1.380452942,0.030520948,Q,75,1,0,0.820333333333333,0.935792746488223,1,2
mongrel_cholesky_MAP,1,0,1.40718603134155,0,0,1.060112017,1.092111711,0.031917925,Q,75,1,0,0.817333333333333,0.953824776035971,1,3
mongrel_cholesky_MAP,1,0,2.59281063079834,0,0,2.308846224,2.344488925,0.035562995,Q,100,1,0,0.835,0.953036323324064,1,1
mongrel_cholesky_MAP,1,0,3.40615558624268,0,0,2.543277938,2.834204782,0.290812682,Q,100,1,0,0.854666666666667,0.978348110980443,1,2
mongrel_cholesky_MAP,1,0,1.97731518745422,0,0,1.580282696,1.746827208,0.166465269,Q,100,1,0,0.852666666666667,0.958394420027819,1,3
mongrel_cholesky_MAP,1,0,2.8941752910614,0,0,2.528433899,2.5790358,0.050517658,Q,250,1,0,0.915333333333333,1.00746654033473,1,1
mongrel_cholesky_MAP,1,0,2.87521243095398,0,0,2.582108997,2.632809103,0.050620398,Q,250,1,0,0.905333333333333,0.983611546221782,1,2
mongrel_cholesky_MAP,1,0,1.02736210823059,0,0,0.699647195,0.758025995,0.05829693,Q,250,1,0,0.896666666666667,0.975659223269516,1,3
mongrel_cholesky_MAP,1,0,1.61404967308044,0,0,1.209361339,1.332616877,0.123173149,Q,500,1,0,0.932666666666667,0.99086420646522,1,1
mongrel_cholesky_MAP,1,0,2.12014174461365,0,0,1.753609183,1.866011142,0.112329425,Q,500,1,0,0.937,0.991930540952046,1,2
mongrel_cholesky_MAP,1,0,1.8284604549408,0,0,1.343064852,1.523422008,0.180276502,Q,500,1,0,0.928666666666667,0.997448464394187,1,3
