Loading required package: rstan
Loading required package: ggplot2
Loading required package: StanHeaders
rstan (Version 2.17.3, GitRev: 2e1f913d3ca3)
For execution on a local, multicore CPU with excess RAM we recommend calling
options(mc.cores = parallel::detectCores()).
To avoid recompilation of unchanged Stan programs, we recommend calling
rstan_options(auto_write = TRUE)
Loading required package: mongrel
Loading required package: driver
Loading required package: rlang
Loading required package: stringr
Loading required package: tidyr

Attaching package: ‘tidyr’

The following object is masked from ‘package:rstan’:

    extract

Loading required package: purrr

Attaching package: ‘purrr’

The following objects are masked from ‘package:rlang’:

    %@%, %||%, as_function, flatten, flatten_chr, flatten_dbl,
    flatten_int, flatten_lgl, invoke, list_along, modify, prepend,
    rep_along, splice

Loading required package: dplyr

Attaching package: ‘dplyr’

The following objects are masked from ‘package:stats’:

    filter, lag

The following objects are masked from ‘package:base’:

    intersect, setdiff, setequal, union

Loading required package: ggstance

Attaching package: ‘ggstance’

The following objects are masked from ‘package:ggplot2’:

    geom_errorbarh, GeomErrorbarh

Warning: program compiled against libxml 209 using older 207
Loading mongrel

Using parameter values
	N: 100
	D: 500
	Q: 5
	rseed: 3
	model: me
	log_file: temp.log
	step_size: 0.004
	max_iter: 50000
	b1: 0.99
	eps_f: 1e-10
	calcPartialHess: FALSE
	iter: 2000
	save_models: TRUE
[1] "Percent zero counts: 0.4043"
Start time: 1541524506 
slurmstepd: error: *** STEP 3757923.0 ON c1-10-2 CANCELLED AT 2018-11-08T12:15:30 DUE TO TIME LIMIT ***
srun: Job step aborted: Waiting up to 32 seconds for job step to finish.
slurmstepd: error: *** JOB 3757923 ON c1-10-2 CANCELLED AT 2018-11-08T12:15:30 DUE TO TIME LIMIT ***
srun: got SIGCONT
srun: forcing job termination
srun: error: c1-10-2: task 0: Terminated
